#
# A fatal error has been detected by the Java Runtime Environment:
#
#  EXCEPTION_ACCESS_VIOLATION (0xc0000005) at pc=0x00007ffeb67ec53a, pid=29104, tid=19312
#
# JRE version: Java(TM) SE Runtime Environment (21.0.1+12) (build 21.0.1+12-LTS-29)
# Java VM: Java HotSpot(TM) 64-Bit Server VM (21.0.1+12-LTS-29, mixed mode, sharing, tiered, compressed oops, compressed class ptrs, g1 gc, windows-amd64)
# Problematic frame:
# C  [lwjgl_opengl.dll+0xc53a]
#
# No core dump will be written. Minidumps are not enabled by default on client versions of Windows
#
# If you would like to submit a bug report, please visit:
#   https://bugreport.java.com/bugreport/crash.jsp
# The crash happened outside the Java Virtual Machine in native code.
# See problematic frame for where to report the bug.
#

---------------  S U M M A R Y ------------

Command Line: -javaagent:C:\Program Files\JetBrains\IntelliJ\lib\idea_rt.jar=49303:C:\Program Files\JetBrains\IntelliJ\bin -Dfile.encoding=UTF-8 -Dsun.stdout.encoding=UTF-8 -Dsun.stderr.encoding=UTF-8 com.thatsoulyguy.minelander.Minelander

Host: 13th Gen Intel(R) Core(TM) i9-13900HX, 32 cores, 63G,  Windows 11 , 64 bit Build 22621 (10.0.22621.2506)
Time: Thu Jan 25 09:30:03 2024 Central Standard Time elapsed time: 0.439319 seconds (0d 0h 0m 0s)

---------------  T H R E A D  ---------------

Current thread (0x000001f123259480):  JavaThread "mainThread"        [_thread_in_native, id=19312, stack(0x00000097cc100000,0x00000097cc200000) (1024K)]

Stack: [0x00000097cc100000,0x00000097cc200000],  sp=0x00000097cc1fef28,  free space=1019k
Native frames: (J=compiled Java code, j=interpreted, Vv=VM code, C=native code)
C  [lwjgl_opengl.dll+0xc53a]

Java frames: (J=compiled Java code, j=interpreted, Vv=VM code)
j  org.lwjgl.opengl.GL11C.glEnable(I)V+0
j  org.lwjgl.opengl.GL11.glEnable(I)V+1
j  com.thatsoulyguy.minelander.core.Window.Generate(Ljava/lang/String;Lorg/joml/Vector2i;Lorg/joml/Vector3f;)V+119
j  com.thatsoulyguy.minelander.Minelander.Initialize()V+61
j  com.thatsoulyguy.minelander.Minelander.run()V+1
j  java.lang.Thread.runWith(Ljava/lang/Object;Ljava/lang/Runnable;)V+5 java.base@21.0.1
j  java.lang.Thread.run()V+19 java.base@21.0.1
v  ~StubRoutines::call_stub 0x000001f0bd07100d

siginfo: EXCEPTION_ACCESS_VIOLATION (0xc0000005), reading address 0x0000000000000000


Registers:
RAX=0x000001f1233c9160, RBX=0x000001f11f5e2008, RCX=0x0000000000000b71, RDX=0x0000000000000000
RSP=0x00000097cc1fef28, RBP=0x00000097cc1fefa0, RSI=0x0000000000007110, RDI=0x000001f0bd078846
R8 =0x0000000000000b71, R9 =0x0000000000000004, R10=0x000001f0bd07cddc, R11=0x0000000442379838
R12=0x0000000000000000, R13=0x000001f11f5e2000, R14=0x00000097cc1fefc0, R15=0x000001f123259480
RIP=0x00007ffeb67ec53a, EFLAGS=0x0000000000010206


Register to memory mapping:

RAX=0x000001f1233c9160 points into unknown readable memory: 0x0000000000000000 | 00 00 00 00 00 00 00 00
RBX={method} {0x000001f11f5e2010} 'glEnable' '(I)V' in 'org/lwjgl/opengl/GL11C'
RCX=0x0000000000000b71 is an unknown value
RDX=0x0 is null
RSP=0x00000097cc1fef28 is pointing into the stack for thread: 0x000001f123259480
RBP=0x00000097cc1fefa0 is pointing into the stack for thread: 0x000001f123259480
RSI=0x0000000000007110 is an unknown value
RDI=0x000001f0bd078846 is at code_begin+1158 in an Interpreter codelet
return entry points  [0x000001f0bd0783c0, 0x000001f0bd078f18]  2904 bytes
R8 =0x0000000000000b71 is an unknown value
R9 =0x0000000000000004 is an unknown value
R10=0x000001f0bd07cddc is at code_begin+1020 in an Interpreter codelet
native method entry point (kind = native)  [0x000001f0bd07c9e0, 0x000001f0bd07d508]  2856 bytes
R11=0x0000000442379838 is an oop: java.lang.Class 
{0x0000000442379838} - klass: 'java/lang/Class'
 - ---- fields (total size 116 words):
 - private volatile transient 'classRedefinedCount' 'I' @12  0 (0x00000000)
 - injected 'klass' 'J' @16  2134045255800 (0x000001f0df026878)
 - injected 'array_klass' 'J' @24  0 (0x0000000000000000)
 - injected 'oop_size' 'I' @32  116 (0x00000074)
 - injected 'static_oop_field_count' 'I' @36  0 (0x00000000)
 - private volatile transient 'cachedConstructor' 'Ljava/lang/reflect/Constructor;' @40  null (0x00000000)
 - private transient 'name' 'Ljava/lang/String;' @44  "org.lwjgl.opengl.GL11C"{0x0000000442379bd8} (0x8846f37b)
 - private transient 'module' 'Ljava/lang/Module;' @48  a 'java/lang/Module'{0x0000000443072730} (0x8860e4e6)
 - private final 'classLoader' 'Ljava/lang/ClassLoader;' @52  a 'jdk/internal/loader/ClassLoaders$AppClassLoader'{0x0000000443072570} (0x8860e4ae)
 - private transient 'classData' 'Ljava/lang/Object;' @56  null (0x00000000)
 - private transient 'packageName' 'Ljava/lang/String;' @60  "org.lwjgl.opengl"{0x00000004422d7940} (0x8845af28)
 - private final 'componentType' 'Ljava/lang/Class;' @64  null (0x00000000)
 - private volatile transient 'reflectionData' 'Ljava/lang/ref/SoftReference;' @68  null (0x00000000)
 - private volatile transient 'genericInfo' 'Lsun/reflect/generics/repository/ClassRepository;' @72  null (0x00000000)
 - private volatile transient 'enumConstants' '[Ljava/lang/Object;' @76  null (0x00000000)
 - private volatile transient 'enumConstantDirectory' 'Ljava/util/Map;' @80  null (0x00000000)
 - private volatile transient 'annotationData' 'Ljava/lang/Class$AnnotationData;' @84  null (0x00000000)
 - private volatile transient 'annotationType' 'Lsun/reflect/annotation/AnnotationType;' @88  null (0x00000000)
 - transient 'classValueMap' 'Ljava/lang/ClassValue$ClassValueMap;' @92  null (0x00000000)
 - injected 'protection_domain' 'Ljava/lang/Object;' @96  a 'java/security/ProtectionDomain'{0x00000004422eb000} (0x8845d600)
 - injected 'signers_name' 'Ljava/lang/Object;' @100  null (0x00000000)
 - injected 'source_file' 'Ljava/lang/Object;' @104  null (0x00000000)
 - signature: Lorg/lwjgl/opengl/GL11C;
 - ---- static fields (0):
 - public static final 'GL_NEVER' 'I' @112  512 (0x00000200)
 - public static final 'GL_LESS' 'I' @116  513 (0x00000201)
 - public static final 'GL_EQUAL' 'I' @120  514 (0x00000202)
 - public static final 'GL_LEQUAL' 'I' @124  515 (0x00000203)
 - public static final 'GL_GREATER' 'I' @128  516 (0x00000204)
 - public static final 'GL_NOTEQUAL' 'I' @132  517 (0x00000205)
 - public static final 'GL_GEQUAL' 'I' @136  518 (0x00000206)
 - public static final 'GL_ALWAYS' 'I' @140  519 (0x00000207)
 - public static final 'GL_DEPTH_BUFFER_BIT' 'I' @144  256 (0x00000100)
 - public static final 'GL_STENCIL_BUFFER_BIT' 'I' @148  1024 (0x00000400)
 - public static final 'GL_COLOR_BUFFER_BIT' 'I' @152  16384 (0x00004000)
 - public static final 'GL_POINTS' 'I' @156  0 (0x00000000)
 - public static final 'GL_LINES' 'I' @160  1 (0x00000001)
 - public static final 'GL_LINE_LOOP' 'I' @164  2 (0x00000002)
 - public static final 'GL_LINE_STRIP' 'I' @168  3 (0x00000003)
 - public static final 'GL_TRIANGLES' 'I' @172  4 (0x00000004)
 - public static final 'GL_TRIANGLE_STRIP' 'I' @176  5 (0x00000005)
 - public static final 'GL_TRIANGLE_FAN' 'I' @180  6 (0x00000006)
 - public static final 'GL_QUADS' 'I' @184  7 (0x00000007)
 - public static final 'GL_ZERO' 'I' @188  0 (0x00000000)
 - public static final 'GL_ONE' 'I' @192  1 (0x00000001)
 - public static final 'GL_SRC_COLOR' 'I' @196  768 (0x00000300)
 - public static final 'GL_ONE_MINUS_SRC_COLOR' 'I' @200  769 (0x00000301)
 - public static final 'GL_SRC_ALPHA' 'I' @204  770 (0x00000302)
 - public static final 'GL_ONE_MINUS_SRC_ALPHA' 'I' @208  771 (0x00000303)
 - public static final 'GL_DST_ALPHA' 'I' @212  772 (0x00000304)
 - public static final 'GL_ONE_MINUS_DST_ALPHA' 'I' @216  773 (0x00000305)
 - public static final 'GL_DST_COLOR' 'I' @220  774 (0x00000306)
 - public static final 'GL_ONE_MINUS_DST_COLOR' 'I' @224  775 (0x00000307)
 - public static final 'GL_SRC_ALPHA_SATURATE' 'I' @228  776 (0x00000308)
 - public static final 'GL_TRUE' 'I' @232  1 (0x00000001)
 - public static final 'GL_FALSE' 'I' @236  0 (0x00000000)
 - public static final 'GL_BYTE' 'I' @240  5120 (0x00001400)
 - public static final 'GL_UNSIGNED_BYTE' 'I' @244  5121 (0x00001401)
 - public static final 'GL_SHORT' 'I' @248  5122 (0x00001402)
 - public static final 'GL_UNSIGNED_SHORT' 'I' @252  5123 (0x00001403)
 - public static final 'GL_INT' 'I' @256  5124 (0x00001404)
 - public static final 'GL_UNSIGNED_INT' 'I' @260  5125 (0x00001405)
 - public static final 'GL_FLOAT' 'I' @264  5126 (0x00001406)
 - public static final 'GL_DOUBLE' 'I' @268  5130 (0x0000140a)
 - public static final 'GL_NONE' 'I' @272  0 (0x00000000)
 - public static final 'GL_FRONT_LEFT' 'I' @276  1024 (0x00000400)
 - public static final 'GL_FRONT_RIGHT' 'I' @280  1025 (0x00000401)
 - public static final 'GL_BACK_LEFT' 'I' @284  1026 (0x00000402)
 - public static final 'GL_BACK_RIGHT' 'I' @288  1027 (0x00000403)
 - public static final 'GL_FRONT' 'I' @292  1028 (0x00000404)
 - public static final 'GL_BACK' 'I' @296  1029 (0x00000405)
 - public static final 'GL_LEFT' 'I' @300  1030 (0x00000406)
 - public static final 'GL_RIGHT' 'I' @304  1031 (0x00000407)
 - public static final 'GL_FRONT_AND_BACK' 'I' @308  1032 (0x00000408)
 - public static final 'GL_NO_ERROR' 'I' @312  0 (0x00000000)
 - public static final 'GL_INVALID_ENUM' 'I' @316  1280 (0x00000500)
 - public static final 'GL_INVALID_VALUE' 'I' @320  1281 (0x00000501)
 - public static final 'GL_INVALID_OPERATION' 'I' @324  1282 (0x00000502)
 - public static final 'GL_STACK_OVERFLOW' 'I' @328  1283 (0x00000503)
 - public static final 'GL_STACK_UNDERFLOW' 'I' @332  1284 (0x00000504)
 - public static final 'GL_OUT_OF_MEMORY' 'I' @336  1285 (0x00000505)
 - public static final 'GL_CW' 'I' @340  2304 (0x00000900)
 - public static final 'GL_CCW' 'I' @344  2305 (0x00000901)
 - public static final 'GL_POINT_SIZE' 'I' @348  2833 (0x00000b11)
 - public static final 'GL_POINT_SIZE_RANGE' 'I' @352  2834 (0x00000b12)
 - public static final 'GL_POINT_SIZE_GRANULARITY' 'I' @356  2835 (0x00000b13)
 - public static final 'GL_LINE_SMOOTH' 'I' @360  2848 (0x00000b20)
 - public static final 'GL_LINE_WIDTH' 'I' @364  2849 (0x00000b21)
 - public static final 'GL_LINE_WIDTH_RANGE' 'I' @368  2850 (0x00000b22)
 - public static final 'GL_LINE_WIDTH_GRANULARITY' 'I' @372  2851 (0x00000b23)
 - public static final 'GL_POLYGON_MODE' 'I' @376  2880 (0x00000b40)
 - public static final 'GL_POLYGON_SMOOTH' 'I' @380  2881 (0x00000b41)
 - public static final 'GL_CULL_FACE' 'I' @384  2884 (0x00000b44)
 - public static final 'GL_CULL_FACE_MODE' 'I' @388  2885 (0x00000b45)
 - public static final 'GL_FRONT_FACE' 'I' @392  2886 (0x00000b46)
 - public static final 'GL_DEPTH_RANGE' 'I' @396  2928 (0x00000b70)
 - public static final 'GL_DEPTH_TEST' 'I' @400  2929 (0x00000b71)
 - public static final 'GL_DEPTH_WRITEMASK' 'I' @404  2930 (0x00000b72)
 - public static final 'GL_DEPTH_CLEAR_VALUE' 'I' @408  2931 (0x00000b73)
 - public static final 'GL_DEPTH_FUNC' 'I' @412  2932 (0x00000b74)
 - public static final 'GL_STENCIL_TEST' 'I' @416  2960 (0x00000b90)
 - public static final 'GL_STENCIL_CLEAR_VALUE' 'I' @420  2961 (0x00000b91)
 - public static final 'GL_STENCIL_FUNC' 'I' @424  2962 (0x00000b92)
 - public static final 'GL_STENCIL_VALUE_MASK' 'I' @428  2963 (0x00000b93)
 - public static final 'GL_STENCIL_FAIL' 'I' @432  2964 (0x00000b94)
 - public static final 'GL_STENCIL_PASS_DEPTH_FAIL' 'I' @436  2965 (0x00000b95)
 - public static final 'GL_STENCIL_PASS_DEPTH_PASS' 'I' @440  2966 (0x00000b96)
 - public static final 'GL_STENCIL_REF' 'I' @444  2967 (0x00000b97)
 - public static final 'GL_STENCIL_WRITEMASK' 'I' @448  2968 (0x00000b98)
 - public static final 'GL_VIEWPORT' 'I' @452  2978 (0x00000ba2)
 - public static final 'GL_DITHER' 'I' @456  3024 (0x00000bd0)
 - public static final 'GL_BLEND_DST' 'I' @460  3040 (0x00000be0)
 - public static final 'GL_BLEND_SRC' 'I' @464  3041 (0x00000be1)
 - public static final 'GL_BLEND' 'I' @468  3042 (0x00000be2)
 - public static final 'GL_LOGIC_OP_MODE' 'I' @472  3056 (0x00000bf0)
 - public static final 'GL_COLOR_LOGIC_OP' 'I' @476  3058 (0x00000bf2)
 - public static final 'GL_DRAW_BUFFER' 'I' @480  3073 (0x00000c01)
 - public static final 'GL_READ_BUFFER' 'I' @484  3074 (0x00000c02)
 - public static final 'GL_SCISSOR_BOX' 'I' @488  3088 (0x00000c10)
 - public static final 'GL_SCISSOR_TEST' 'I' @492  3089 (0x00000c11)
 - public static final 'GL_COLOR_CLEAR_VALUE' 'I' @496  3106 (0x00000c22)
 - public static final 'GL_COLOR_WRITEMASK' 'I' @500  3107 (0x00000c23)
 - public static final 'GL_DOUBLEBUFFER' 'I' @504  3122 (0x00000c32)
 - public static final 'GL_STEREO' 'I' @508  3123 (0x00000c33)
 - public static final 'GL_LINE_SMOOTH_HINT' 'I' @512  3154 (0x00000c52)
 - public static final 'GL_POLYGON_SMOOTH_HINT' 'I' @516  3155 (0x00000c53)
 - public static final 'GL_UNPACK_SWAP_BYTES' 'I' @520  3312 (0x00000cf0)
 - public static final 'GL_UNPACK_LSB_FIRST' 'I' @524  3313 (0x00000cf1)
 - public static final 'GL_UNPACK_ROW_LENGTH' 'I' @528  3314 (0x00000cf2)
 - public static final 'GL_UNPACK_SKIP_ROWS' 'I' @532  3315 (0x00000cf3)
 - public static final 'GL_UNPACK_SKIP_PIXELS' 'I' @536  3316 (0x00000cf4)
 - public static final 'GL_UNPACK_ALIGNMENT' 'I' @540  3317 (0x00000cf5)
 - public static final 'GL_PACK_SWAP_BYTES' 'I' @544  3328 (0x00000d00)
 - public static final 'GL_PACK_LSB_FIRST' 'I' @548  3329 (0x00000d01)
 - public static final 'GL_PACK_ROW_LENGTH' 'I' @552  3330 (0x00000d02)
 - public static final 'GL_PACK_SKIP_ROWS' 'I' @556  3331 (0x00000d03)
 - public static final 'GL_PACK_SKIP_PIXELS' 'I' @560  3332 (0x00000d04)
 - public static final 'GL_PACK_ALIGNMENT' 'I' @564  3333 (0x00000d05)
 - public static final 'GL_MAX_TEXTURE_SIZE' 'I' @568  3379 (0x00000d33)
 - public static final 'GL_MAX_VIEWPORT_DIMS' 'I' @572  3386 (0x00000d3a)
 - public static final 'GL_SUBPIXEL_BITS' 'I' @576  3408 (0x00000d50)
 - public static final 'GL_TEXTURE_1D' 'I' @580  3552 (0x00000de0)
 - public static final 'GL_TEXTURE_2D' 'I' @584  3553 (0x00000de1)
 - public static final 'GL_TEXTURE_WIDTH' 'I' @588  4096 (0x00001000)
 - public static final 'GL_TEXTURE_HEIGHT' 'I' @592  4097 (0x00001001)
 - public static final 'GL_TEXTURE_INTERNAL_FORMAT' 'I' @596  4099 (0x00001003)
 - public static final 'GL_TEXTURE_BORDER_COLOR' 'I' @600  4100 (0x00001004)
 - public static final 'GL_DONT_CARE' 'I' @604  4352 (0x00001100)
 - public static final 'GL_FASTEST' 'I' @608  4353 (0x00001101)
 - public static final 'GL_NICEST' 'I' @612  4354 (0x00001102)
 - public static final 'GL_CLEAR' 'I' @616  5376 (0x00001500)
 - public static final 'GL_AND' 'I' @620  5377 (0x00001501)
 - public static final 'GL_AND_REVERSE' 'I' @624  5378 (0x00001502)
 - public static final 'GL_COPY' 'I' @628  5379 (0x00001503)
 - public static final 'GL_AND_INVERTED' 'I' @632  5380 (0x00001504)
 - public static final 'GL_NOOP' 'I' @636  5381 (0x00001505)
 - public static final 'GL_XOR' 'I' @640  5382 (0x00001506)
 - public static final 'GL_OR' 'I' @644  5383 (0x00001507)
 - public static final 'GL_NOR' 'I' @648  5384 (0x00001508)
 - public static final 'GL_EQUIV' 'I' @652  5385 (0x00001509)
 - public static final 'GL_INVERT' 'I' @656  5386 (0x0000150a)
 - public static final 'GL_OR_REVERSE' 'I' @660  5387 (0x0000150b)
 - public static final 'GL_COPY_INVERTED' 'I' @664  5388 (0x0000150c)
 - public static final 'GL_OR_INVERTED' 'I' @668  5389 (0x0000150d)
 - public static final 'GL_NAND' 'I' @672  5390 (0x0000150e)
 - public static final 'GL_SET' 'I' @676  5391 (0x0000150f)
 - public static final 'GL_TEXTURE' 'I' @680  5890 (0x00001702)
 - public static final 'GL_COLOR' 'I' @684  6144 (0x00001800)
 - public static final 'GL_DEPTH' 'I' @688  6145 (0x00001801)
 - public static final 'GL_STENCIL' 'I' @692  6146 (0x00001802)
 - public static final 'GL_STENCIL_INDEX' 'I' @696  6401 (0x00001901)
 - public static final 'GL_DEPTH_COMPONENT' 'I' @700  6402 (0x00001902)
 - public static final 'GL_RED' 'I' @704  6403 (0x00001903)
 - public static final 'GL_GREEN' 'I' @708  6404 (0x00001904)
 - public static final 'GL_BLUE' 'I' @712  6405 (0x00001905)
 - public static final 'GL_ALPHA' 'I' @716  6406 (0x00001906)
 - public static final 'GL_RGB' 'I' @720  6407 (0x00001907)
 - public static final 'GL_RGBA' 'I' @724  6408 (0x00001908)
 - public static final 'GL_POINT' 'I' @728  6912 (0x00001b00)
 - public static final 'GL_LINE' 'I' @732  6913 (0x00001b01)
 - public static final 'GL_FILL' 'I' @736  6914 (0x00001b02)
 - public static final 'GL_KEEP' 'I' @740  7680 (0x00001e00)
 - public static final 'GL_REPLACE' 'I' @744  7681 (0x00001e01)
 - public static final 'GL_INCR' 'I' @748  7682 (0x00001e02)
 - public static final 'GL_DECR' 'I' @752  7683 (0x00001e03)
 - public static final 'GL_VENDOR' 'I' @756  7936 (0x00001f00)
 - public static final 'GL_RENDERER' 'I' @760  7937 (0x00001f01)
 - public static final 'GL_VERSION' 'I' @764  7938 (0x00001f02)
 - public static final 'GL_EXTENSIONS' 'I' @768  7939 (0x00001f03)
 - public static final 'GL_NEAREST' 'I' @772  9728 (0x00002600)
 - public static final 'GL_LINEAR' 'I' @776  9729 (0x00002601)
 - public static final 'GL_NEAREST_MIPMAP_NEAREST' 'I' @780  9984 (0x00002700)
 - public static final 'GL_LINEAR_MIPMAP_NEAREST' 'I' @784  9985 (0x00002701)
 - public static final 'GL_NEAREST_MIPMAP_LINEAR' 'I' @788  9986 (0x00002702)
 - public static final 'GL_LINEAR_MIPMAP_LINEAR' 'I' @792  9987 (0x00002703)
 - public static final 'GL_TEXTURE_MAG_FILTER' 'I' @796  10240 (0x00002800)
 - public static final 'GL_TEXTURE_MIN_FILTER' 'I' @800  10241 (0x00002801)
 - public static final 'GL_TEXTURE_WRAP_S' 'I' @804  10242 (0x00002802)
 - public static final 'GL_TEXTURE_WRAP_T' 'I' @808  10243 (0x00002803)
 - public static final 'GL_REPEAT' 'I' @812  10497 (0x00002901)
 - public static final 'GL_POLYGON_OFFSET_FACTOR' 'I' @816  32824 (0x00008038)
 - public static final 'GL_POLYGON_OFFSET_UNITS' 'I' @820  10752 (0x00002a00)
 - public static final 'GL_POLYGON_OFFSET_POINT' 'I' @824  10753 (0x00002a01)
 - public static final 'GL_POLYGON_OFFSET_LINE' 'I' @828  10754 (0x00002a02)
 - public static final 'GL_POLYGON_OFFSET_FILL' 'I' @832  32823 (0x00008037)
 - public static final 'GL_R3_G3_B2' 'I' @836  10768 (0x00002a10)
 - public static final 'GL_RGB4' 'I' @840  32847 (0x0000804f)
 - public static final 'GL_RGB5' 'I' @844  32848 (0x00008050)
 - public static final 'GL_RGB8' 'I' @848  32849 (0x00008051)
 - public static final 'GL_RGB10' 'I' @852  32850 (0x00008052)
 - public static final 'GL_RGB12' 'I' @856  32851 (0x00008053)
 - public static final 'GL_RGB16' 'I' @860  32852 (0x00008054)
 - public static final 'GL_RGBA2' 'I' @864  32853 (0x00008055)
 - public static final 'GL_RGBA4' 'I' @868  32854 (0x00008056)
 - public static final 'GL_RGB5_A1' 'I' @872  32855 (0x00008057)
 - public static final 'GL_RGBA8' 'I' @876  32856 (0x00008058)
 - public static final 'GL_RGB10_A2' 'I' @880  32857 (0x00008059)
 - public static final 'GL_RGBA12' 'I' @884  32858 (0x0000805a)
 - public static final 'GL_RGBA16' 'I' @888  32859 (0x0000805b)
 - public static final 'GL_TEXTURE_RED_SIZE' 'I' @892  32860 (0x0000805c)
 - public static final 'GL_TEXTURE_GREEN_SIZE' 'I' @896  32861 (0x0000805d)
 - public static final 'GL_TEXTURE_BLUE_SIZE' 'I' @900  32862 (0x0000805e)
 - public static final 'GL_TEXTURE_ALPHA_SIZE' 'I' @904  32863 (0x0000805f)
 - public static final 'GL_PROXY_TEXTURE_1D' 'I' @908  32867 (0x00008063)
 - public static final 'GL_PROXY_TEXTURE_2D' 'I' @912  32868 (0x00008064)
 - public static final 'GL_TEXTURE_BINDING_1D' 'I' @916  32872 (0x00008068)
 - public static final 'GL_TEXTURE_BINDING_2D' 'I' @920  32873 (0x00008069)
 - public static final 'GL_VERTEX_ARRAY' 'I' @924  32884 (0x00008074)
R12=0x0 is null
R13=0x000001f11f5e2000 is pointing into metadata
R14=0x00000097cc1fefc0 is pointing into the stack for thread: 0x000001f123259480
R15=0x000001f123259480 is a thread

Top of Stack: (sp=0x00000097cc1fef28)
0x00000097cc1fef28:   000001f0bd07ce0b 000001f11f5e2008
0x00000097cc1fef38:   0000000000007110 0000000000007110
0x00000097cc1fef48:   000000044213d108 000001f0bd07ca9f
0x00000097cc1fef58:   00000097cc1fef58 000001f11f5e2000
0x00000097cc1fef68:   0000000000000004 000001f11f5ec270
0x00000097cc1fef78:   0000000000000000 0000000442379838
0x00000097cc1fef88:   000001f11f5e2008 0000000000000000
0x00000097cc1fef98:   00000097cc1fefc0 00000097cc1ff010
0x00000097cc1fefa8:   000001f0bd078846 0000000442379838
0x00000097cc1fefb8:   000001f0bd07a397 0000000000000b71
0x00000097cc1fefc8:   00000097cc1fefc8 000001f11f5a5bd1
0x00000097cc1fefd8:   0000000000000002 000001f11f5d1248
0x00000097cc1fefe8:   0000000000000000 00000004422eb1e0
0x00000097cc1feff8:   000001f11f5a5bf8 00000097cc1fefc0
0x00000097cc1ff008:   00000097cc1ff020 00000097cc1ff070
0x00000097cc1ff018:   000001f0bd078846 0000000000000b71
0x00000097cc1ff028:   00000097cc1ff028 000001f11f47fe1f
0x00000097cc1ff038:   0000000000000008 000001f11f488000
0x00000097cc1ff048:   0000000000000000 0000000442f70b50
0x00000097cc1ff058:   000001f11f486b68 00000097cc1ff020
0x00000097cc1ff068:   00000097cc1ff0a0 00000097cc1ff100
0x00000097cc1ff078:   000001f0bd078846 0000000000000000
0x00000097cc1ff088:   0000000000000000 0000000000000000
0x00000097cc1ff098:   0000000000000000 00000004422cb6b8
0x00000097cc1ff0a8:   00000004422cb6a0 00000004422bbb98
0x00000097cc1ff0b8:   00000097cc1ff0b8 000001f11f4079e5
0x00000097cc1ff0c8:   0000000000000002 000001f11f408000
0x00000097cc1ff0d8:   0000000000000000 00000004428a24c8
0x00000097cc1ff0e8:   000001f11f407a40 00000097cc1ff0a0
0x00000097cc1ff0f8:   00000097cc1ff110 00000097cc1ff160
0x00000097cc1ff108:   000001f0bd078846 00000004428a2bc8
0x00000097cc1ff118:   00000097cc1ff118 000001f11f407c49 

Instructions: (pc=0x00007ffeb67ec53a)
0x00007ffeb67ec43a:   44 24 30 41 8b d1 44 8b 4c 24 38 8b cb 4c 8b 50
0x00007ffeb67ec44a:   18 5b 49 ff a2 40 0a 00 00 cc cc cc cc cc cc cc
0x00007ffeb67ec45a:   cc cc cc cc cc cc 48 8b 01 0f 28 cb f2 0f 10 5c
0x00007ffeb67ec46a:   24 30 0f 28 c2 f2 0f 10 54 24 28 48 8b 48 18 48
0x00007ffeb67ec47a:   ff a1 48 0a 00 00 48 8b 01 49 8b c8 48 8b 50 18
0x00007ffeb67ec48a:   48 ff a2 50 0a 00 00 cc cc cc cc cc cc cc cc cc
0x00007ffeb67ec49a:   cc cc cc cc cc cc 48 8b 01 49 8b c8 48 8b 50 18
0x00007ffeb67ec4aa:   48 ff a2 58 0a 00 00 cc cc cc cc cc cc cc cc cc
0x00007ffeb67ec4ba:   cc cc cc cc cc cc 48 8b 01 49 8b c8 48 8b 50 18
0x00007ffeb67ec4ca:   48 ff a2 60 0a 00 00 cc cc cc cc cc cc cc cc cc
0x00007ffeb67ec4da:   cc cc cc cc cc cc 48 8b 01 49 8b c8 48 8b 50 18
0x00007ffeb67ec4ea:   48 ff a2 68 0a 00 00 cc cc cc cc cc cc cc cc cc
0x00007ffeb67ec4fa:   cc cc cc cc cc cc 40 53 48 8b 01 41 8b d8 44 8b
0x00007ffeb67ec50a:   44 24 30 41 8b d1 4c 8b 4c 24 38 8b cb 4c 8b 50
0x00007ffeb67ec51a:   18 5b 49 ff a2 70 0a 00 00 cc cc cc cc cc cc cc
0x00007ffeb67ec52a:   cc cc cc cc cc cc 48 8b 01 41 8b c8 48 8b 50 18
0x00007ffeb67ec53a:   48 ff 22 cc cc cc 48 8b 01 41 8b c8 48 8b 50 18
0x00007ffeb67ec54a:   48 ff 62 08 cc cc 48 8b 01 41 8b d1 41 8b c8 4c
0x00007ffeb67ec55a:   8b 50 18 49 ff 62 38 cc cc cc cc cc cc cc cc cc
0x00007ffeb67ec56a:   cc cc cc cc cc cc 48 8b 01 41 8b d1 41 8b c8 4c
0x00007ffeb67ec57a:   8b 50 18 49 ff 62 48 cc cc cc cc cc cc cc cc cc
0x00007ffeb67ec58a:   cc cc cc cc cc cc 48 8b 01 41 8b c8 48 8b 50 18
0x00007ffeb67ec59a:   48 ff 62 60 cc cc 48 8b 01 0f 28 cb f3 0f 10 5c
0x00007ffeb67ec5aa:   24 30 0f 28 c2 f3 0f 10 54 24 28 48 8b 48 18 48
0x00007ffeb67ec5ba:   ff 61 70 cc cc cc 48 8b 01 0f 28 c2 48 8b 48 18
0x00007ffeb67ec5ca:   48 ff 61 78 cc cc 48 8b 01 41 8b c8 48 8b 50 18
0x00007ffeb67ec5da:   48 ff a2 88 00 00 00 cc cc cc cc cc cc cc cc cc
0x00007ffeb67ec5ea:   cc cc cc cc cc cc 40 53 48 8b 01 41 0f b6 d8 44
0x00007ffeb67ec5fa:   0f b6 44 24 30 41 0f b6 d1 44 0f b6 4c 24 38 0f
0x00007ffeb67ec60a:   b6 cb 4c 8b 50 18 5b 49 ff a2 98 01 00 00 cc cc
0x00007ffeb67ec61a:   cc cc cc cc cc cc 48 8b 01 41 8b c8 48 8b 50 18
0x00007ffeb67ec62a:   48 ff a2 b8 01 00 00 cc cc cc cc cc cc cc cc cc 


Stack slot to memory mapping:

stack at sp + 0 slots: 0x000001f0bd07ce0b is at code_begin+1067 in an Interpreter codelet
native method entry point (kind = native)  [0x000001f0bd07c9e0, 0x000001f0bd07d508]  2856 bytes
stack at sp + 1 slots: {method} {0x000001f11f5e2010} 'glEnable' '(I)V' in 'org/lwjgl/opengl/GL11C'
stack at sp + 2 slots: 0x0000000000007110 is an unknown value
stack at sp + 3 slots: 0x0000000000007110 is an unknown value
stack at sp + 4 slots: 0x000000044213d108 is an oop: org.lwjgl.system.MemoryStack 
{0x000000044213d108} - klass: 'org/lwjgl/system/MemoryStack'
 - ---- fields (total size 5 words):
 - protected 'address' 'J' @16  2135191495312 (0x000001f12354a290)
 - private final 'size' 'I' @12  65536 (0x00010000)
 - private 'pointer' 'I' @24  65536 (0x00010000)
 - protected 'frameIndex' 'I' @28  0 (0x00000000)
 - private final 'container' 'Ljava/nio/ByteBuffer;' @32  a 'java/nio/DirectByteBuffer'{0x000000044213d080} (0x88427a10)
 - private 'frames' '[I' @36  [I{0x000000044213d130} (0x88427a26)
stack at sp + 5 slots: 0x000001f0bd07ca9f is at code_begin+191 in an Interpreter codelet
native method entry point (kind = native)  [0x000001f0bd07c9e0, 0x000001f0bd07d508]  2856 bytes
stack at sp + 6 slots: 0x00000097cc1fef58 is pointing into the stack for thread: 0x000001f123259480
stack at sp + 7 slots: 0x000001f11f5e2000 is pointing into metadata


---------------  P R O C E S S  ---------------

Threads class SMR info:
_java_thread_list=0x000001f1261413b0, length=17, elements={
0x000001f0c618dc50, 0x000001f0ddaf0d90, 0x000001f0ddaf2670, 0x000001f0ddaf51e0,
0x000001f0ddaf5c40, 0x000001f0ddaf76b0, 0x000001f0ddafc5d0, 0x000001f0ddafd400,
0x000001f0ddbb4000, 0x000001f0ddc47a20, 0x000001f0ddcc0370, 0x000001f0dde438a0,
0x000001f123028f70, 0x000001f123259480, 0x000001f0ad80b420, 0x000001f123266f10,
0x000001f1232679d0
}

Java Threads: ( => current thread )
  0x000001f0c618dc50 JavaThread "Reference Handler"          daemon [_thread_blocked, id=28440, stack(0x00000097cb300000,0x00000097cb400000) (1024K)]
  0x000001f0ddaf0d90 JavaThread "Finalizer"                  daemon [_thread_blocked, id=11824, stack(0x00000097cb400000,0x00000097cb500000) (1024K)]
  0x000001f0ddaf2670 JavaThread "Signal Dispatcher"          daemon [_thread_blocked, id=22960, stack(0x00000097cb500000,0x00000097cb600000) (1024K)]
  0x000001f0ddaf51e0 JavaThread "Attach Listener"            daemon [_thread_blocked, id=14108, stack(0x00000097cb600000,0x00000097cb700000) (1024K)]
  0x000001f0ddaf5c40 JavaThread "Service Thread"             daemon [_thread_blocked, id=9084, stack(0x00000097cb700000,0x00000097cb800000) (1024K)]
  0x000001f0ddaf76b0 JavaThread "Monitor Deflation Thread"   daemon [_thread_blocked, id=23656, stack(0x00000097cb800000,0x00000097cb900000) (1024K)]
  0x000001f0ddafc5d0 JavaThread "C2 CompilerThread0"         daemon [_thread_blocked, id=27024, stack(0x00000097cb900000,0x00000097cba00000) (1024K)]
  0x000001f0ddafd400 JavaThread "C1 CompilerThread0"         daemon [_thread_blocked, id=9860, stack(0x00000097cba00000,0x00000097cbb00000) (1024K)]
  0x000001f0ddbb4000 JavaThread "C1 CompilerThread1"         daemon [_thread_blocked, id=25504, stack(0x00000097cbb00000,0x00000097cbc00000) (1024K)]
  0x000001f0ddc47a20 JavaThread "Common-Cleaner"             daemon [_thread_blocked, id=28852, stack(0x00000097cbc00000,0x00000097cbd00000) (1024K)]
  0x000001f0ddcc0370 JavaThread "C1 CompilerThread2"         daemon [_thread_blocked, id=29592, stack(0x00000097cbd00000,0x00000097cbe00000) (1024K)]
  0x000001f0dde438a0 JavaThread "Monitor Ctrl-Break"         daemon [_thread_in_native, id=24740, stack(0x00000097cbf00000,0x00000097cc000000) (1024K)]
  0x000001f123028f70 JavaThread "Notification Thread"        daemon [_thread_blocked, id=2832, stack(0x00000097cc000000,0x00000097cc100000) (1024K)]
=>0x000001f123259480 JavaThread "mainThread"                        [_thread_in_native, id=19312, stack(0x00000097cc100000,0x00000097cc200000) (1024K)]
  0x000001f0ad80b420 JavaThread "DestroyJavaVM"                     [_thread_blocked, id=25960, stack(0x00000097cab00000,0x00000097cac00000) (1024K)]
  0x000001f123266f10 JavaThread "C1 CompilerThread3"         daemon [_thread_blocked, id=6560, stack(0x00000097cc200000,0x00000097cc300000) (1024K)]
  0x000001f1232679d0 JavaThread "C1 CompilerThread4"         daemon [_thread_blocked, id=25564, stack(0x00000097cc300000,0x00000097cc400000) (1024K)]
Total: 17

Other Threads:
  0x000001f0c6181110 VMThread "VM Thread"                           [id=3220, stack(0x00000097cb200000,0x00000097cb300000) (1024K)]
  0x000001f0ddae1270 WatcherThread "VM Periodic Task Thread"        [id=24952, stack(0x00000097cb100000,0x00000097cb200000) (1024K)]
  0x000001f0ad8797b0 WorkerThread "GC Thread#0"                     [id=15504, stack(0x00000097cac00000,0x00000097cad00000) (1024K)]
  0x000001f0ad88a4b0 ConcurrentGCThread "G1 Main Marker"            [id=24904, stack(0x00000097cad00000,0x00000097cae00000) (1024K)]
  0x000001f0ad88afb0 WorkerThread "G1 Conc#0"                       [id=4208, stack(0x00000097cae00000,0x00000097caf00000) (1024K)]
  0x000001f0c60add80 ConcurrentGCThread "G1 Refine#0"               [id=4672, stack(0x00000097caf00000,0x00000097cb000000) (1024K)]
  0x000001f0c60ae8f0 ConcurrentGCThread "G1 Service"                [id=17120, stack(0x00000097cb000000,0x00000097cb100000) (1024K)]
Total: 7

Threads with active compile tasks:
Total: 0

VM state: not at safepoint (normal execution)

VM Mutex/Monitor currently owned by a thread: None

Heap address: 0x0000000403800000, size: 16328 MB, Compressed Oops mode: Zero based, Oop shift amount: 3

CDS archive(s) mapped at: [0x000001f0de000000-0x000001f0dec90000-0x000001f0dec90000), size 13172736, SharedBaseAddress: 0x000001f0de000000, ArchiveRelocationMode: 1.
Compressed class space mapped at: 0x000001f0df000000-0x000001f11f000000, reserved size: 1073741824
Narrow klass base: 0x000001f0de000000, Narrow klass shift: 0, Narrow klass range: 0x100000000

GC Precious Log:
 CardTable entry size: 512
 Card Set container configuration: InlinePtr #cards 4 size 8 Array Of Cards #cards 64 size 144 Howl #buckets 8 coarsen threshold 14745 Howl Bitmap #cards 2048 size 272 coarsen threshold 1843 Card regions per heap region 1 cards per card region 16384
 CPUs: 32 total, 32 available
 Memory: 65296M
 Large Page Support: Disabled
 NUMA Support: Disabled
 Compressed Oops: Enabled (Zero based)
 Heap Region Size: 8M
 Heap Min Capacity: 8M
 Heap Initial Capacity: 1G
 Heap Max Capacity: 16328M
 Pre-touch: Disabled
 Parallel Workers: 23
 Concurrent Workers: 6
 Concurrent Refinement Workers: 23
 Periodic GC: Disabled

Heap:
 garbage-first heap   total 1048576K, used 16384K [0x0000000403800000, 0x0000000800000000)
  region size 8192K, 3 young (24576K), 0 survivors (0K)
 Metaspace       used 4484K, committed 4672K, reserved 1114112K
  class space    used 305K, committed 384K, reserved 1048576K

Heap Regions: E=young(eden), S=young(survivor), O=old, HS=humongous(starts), HC=humongous(continues), CS=collection set, F=free, TAMS=top-at-mark-start, PB=parsable bottom
|   0|0x0000000403800000, 0x0000000403800000, 0x0000000404000000|  0%| F|  |TAMS 0x0000000403800000| PB 0x0000000403800000| Untracked 
|   1|0x0000000404000000, 0x0000000404000000, 0x0000000404800000|  0%| F|  |TAMS 0x0000000404000000| PB 0x0000000404000000| Untracked 
|   2|0x0000000404800000, 0x0000000404800000, 0x0000000405000000|  0%| F|  |TAMS 0x0000000404800000| PB 0x0000000404800000| Untracked 
|   3|0x0000000405000000, 0x0000000405000000, 0x0000000405800000|  0%| F|  |TAMS 0x0000000405000000| PB 0x0000000405000000| Untracked 
|   4|0x0000000405800000, 0x0000000405800000, 0x0000000406000000|  0%| F|  |TAMS 0x0000000405800000| PB 0x0000000405800000| Untracked 
|   5|0x0000000406000000, 0x0000000406000000, 0x0000000406800000|  0%| F|  |TAMS 0x0000000406000000| PB 0x0000000406000000| Untracked 
|   6|0x0000000406800000, 0x0000000406800000, 0x0000000407000000|  0%| F|  |TAMS 0x0000000406800000| PB 0x0000000406800000| Untracked 
|   7|0x0000000407000000, 0x0000000407000000, 0x0000000407800000|  0%| F|  |TAMS 0x0000000407000000| PB 0x0000000407000000| Untracked 
|   8|0x0000000407800000, 0x0000000407800000, 0x0000000408000000|  0%| F|  |TAMS 0x0000000407800000| PB 0x0000000407800000| Untracked 
|   9|0x0000000408000000, 0x0000000408000000, 0x0000000408800000|  0%| F|  |TAMS 0x0000000408000000| PB 0x0000000408000000| Untracked 
|  10|0x0000000408800000, 0x0000000408800000, 0x0000000409000000|  0%| F|  |TAMS 0x0000000408800000| PB 0x0000000408800000| Untracked 
|  11|0x0000000409000000, 0x0000000409000000, 0x0000000409800000|  0%| F|  |TAMS 0x0000000409000000| PB 0x0000000409000000| Untracked 
|  12|0x0000000409800000, 0x0000000409800000, 0x000000040a000000|  0%| F|  |TAMS 0x0000000409800000| PB 0x0000000409800000| Untracked 
|  13|0x000000040a000000, 0x000000040a000000, 0x000000040a800000|  0%| F|  |TAMS 0x000000040a000000| PB 0x000000040a000000| Untracked 
|  14|0x000000040a800000, 0x000000040a800000, 0x000000040b000000|  0%| F|  |TAMS 0x000000040a800000| PB 0x000000040a800000| Untracked 
|  15|0x000000040b000000, 0x000000040b000000, 0x000000040b800000|  0%| F|  |TAMS 0x000000040b000000| PB 0x000000040b000000| Untracked 
|  16|0x000000040b800000, 0x000000040b800000, 0x000000040c000000|  0%| F|  |TAMS 0x000000040b800000| PB 0x000000040b800000| Untracked 
|  17|0x000000040c000000, 0x000000040c000000, 0x000000040c800000|  0%| F|  |TAMS 0x000000040c000000| PB 0x000000040c000000| Untracked 
|  18|0x000000040c800000, 0x000000040c800000, 0x000000040d000000|  0%| F|  |TAMS 0x000000040c800000| PB 0x000000040c800000| Untracked 
|  19|0x000000040d000000, 0x000000040d000000, 0x000000040d800000|  0%| F|  |TAMS 0x000000040d000000| PB 0x000000040d000000| Untracked 
|  20|0x000000040d800000, 0x000000040d800000, 0x000000040e000000|  0%| F|  |TAMS 0x000000040d800000| PB 0x000000040d800000| Untracked 
|  21|0x000000040e000000, 0x000000040e000000, 0x000000040e800000|  0%| F|  |TAMS 0x000000040e000000| PB 0x000000040e000000| Untracked 
|  22|0x000000040e800000, 0x000000040e800000, 0x000000040f000000|  0%| F|  |TAMS 0x000000040e800000| PB 0x000000040e800000| Untracked 
|  23|0x000000040f000000, 0x000000040f000000, 0x000000040f800000|  0%| F|  |TAMS 0x000000040f000000| PB 0x000000040f000000| Untracked 
|  24|0x000000040f800000, 0x000000040f800000, 0x0000000410000000|  0%| F|  |TAMS 0x000000040f800000| PB 0x000000040f800000| Untracked 
|  25|0x0000000410000000, 0x0000000410000000, 0x0000000410800000|  0%| F|  |TAMS 0x0000000410000000| PB 0x0000000410000000| Untracked 
|  26|0x0000000410800000, 0x0000000410800000, 0x0000000411000000|  0%| F|  |TAMS 0x0000000410800000| PB 0x0000000410800000| Untracked 
|  27|0x0000000411000000, 0x0000000411000000, 0x0000000411800000|  0%| F|  |TAMS 0x0000000411000000| PB 0x0000000411000000| Untracked 
|  28|0x0000000411800000, 0x0000000411800000, 0x0000000412000000|  0%| F|  |TAMS 0x0000000411800000| PB 0x0000000411800000| Untracked 
|  29|0x0000000412000000, 0x0000000412000000, 0x0000000412800000|  0%| F|  |TAMS 0x0000000412000000| PB 0x0000000412000000| Untracked 
|  30|0x0000000412800000, 0x0000000412800000, 0x0000000413000000|  0%| F|  |TAMS 0x0000000412800000| PB 0x0000000412800000| Untracked 
|  31|0x0000000413000000, 0x0000000413000000, 0x0000000413800000|  0%| F|  |TAMS 0x0000000413000000| PB 0x0000000413000000| Untracked 
|  32|0x0000000413800000, 0x0000000413800000, 0x0000000414000000|  0%| F|  |TAMS 0x0000000413800000| PB 0x0000000413800000| Untracked 
|  33|0x0000000414000000, 0x0000000414000000, 0x0000000414800000|  0%| F|  |TAMS 0x0000000414000000| PB 0x0000000414000000| Untracked 
|  34|0x0000000414800000, 0x0000000414800000, 0x0000000415000000|  0%| F|  |TAMS 0x0000000414800000| PB 0x0000000414800000| Untracked 
|  35|0x0000000415000000, 0x0000000415000000, 0x0000000415800000|  0%| F|  |TAMS 0x0000000415000000| PB 0x0000000415000000| Untracked 
|  36|0x0000000415800000, 0x0000000415800000, 0x0000000416000000|  0%| F|  |TAMS 0x0000000415800000| PB 0x0000000415800000| Untracked 
|  37|0x0000000416000000, 0x0000000416000000, 0x0000000416800000|  0%| F|  |TAMS 0x0000000416000000| PB 0x0000000416000000| Untracked 
|  38|0x0000000416800000, 0x0000000416800000, 0x0000000417000000|  0%| F|  |TAMS 0x0000000416800000| PB 0x0000000416800000| Untracked 
|  39|0x0000000417000000, 0x0000000417000000, 0x0000000417800000|  0%| F|  |TAMS 0x0000000417000000| PB 0x0000000417000000| Untracked 
|  40|0x0000000417800000, 0x0000000417800000, 0x0000000418000000|  0%| F|  |TAMS 0x0000000417800000| PB 0x0000000417800000| Untracked 
|  41|0x0000000418000000, 0x0000000418000000, 0x0000000418800000|  0%| F|  |TAMS 0x0000000418000000| PB 0x0000000418000000| Untracked 
|  42|0x0000000418800000, 0x0000000418800000, 0x0000000419000000|  0%| F|  |TAMS 0x0000000418800000| PB 0x0000000418800000| Untracked 
|  43|0x0000000419000000, 0x0000000419000000, 0x0000000419800000|  0%| F|  |TAMS 0x0000000419000000| PB 0x0000000419000000| Untracked 
|  44|0x0000000419800000, 0x0000000419800000, 0x000000041a000000|  0%| F|  |TAMS 0x0000000419800000| PB 0x0000000419800000| Untracked 
|  45|0x000000041a000000, 0x000000041a000000, 0x000000041a800000|  0%| F|  |TAMS 0x000000041a000000| PB 0x000000041a000000| Untracked 
|  46|0x000000041a800000, 0x000000041a800000, 0x000000041b000000|  0%| F|  |TAMS 0x000000041a800000| PB 0x000000041a800000| Untracked 
|  47|0x000000041b000000, 0x000000041b000000, 0x000000041b800000|  0%| F|  |TAMS 0x000000041b000000| PB 0x000000041b000000| Untracked 
|  48|0x000000041b800000, 0x000000041b800000, 0x000000041c000000|  0%| F|  |TAMS 0x000000041b800000| PB 0x000000041b800000| Untracked 
|  49|0x000000041c000000, 0x000000041c000000, 0x000000041c800000|  0%| F|  |TAMS 0x000000041c000000| PB 0x000000041c000000| Untracked 
|  50|0x000000041c800000, 0x000000041c800000, 0x000000041d000000|  0%| F|  |TAMS 0x000000041c800000| PB 0x000000041c800000| Untracked 
|  51|0x000000041d000000, 0x000000041d000000, 0x000000041d800000|  0%| F|  |TAMS 0x000000041d000000| PB 0x000000041d000000| Untracked 
|  52|0x000000041d800000, 0x000000041d800000, 0x000000041e000000|  0%| F|  |TAMS 0x000000041d800000| PB 0x000000041d800000| Untracked 
|  53|0x000000041e000000, 0x000000041e000000, 0x000000041e800000|  0%| F|  |TAMS 0x000000041e000000| PB 0x000000041e000000| Untracked 
|  54|0x000000041e800000, 0x000000041e800000, 0x000000041f000000|  0%| F|  |TAMS 0x000000041e800000| PB 0x000000041e800000| Untracked 
|  55|0x000000041f000000, 0x000000041f000000, 0x000000041f800000|  0%| F|  |TAMS 0x000000041f000000| PB 0x000000041f000000| Untracked 
|  56|0x000000041f800000, 0x000000041f800000, 0x0000000420000000|  0%| F|  |TAMS 0x000000041f800000| PB 0x000000041f800000| Untracked 
|  57|0x0000000420000000, 0x0000000420000000, 0x0000000420800000|  0%| F|  |TAMS 0x0000000420000000| PB 0x0000000420000000| Untracked 
|  58|0x0000000420800000, 0x0000000420800000, 0x0000000421000000|  0%| F|  |TAMS 0x0000000420800000| PB 0x0000000420800000| Untracked 
|  59|0x0000000421000000, 0x0000000421000000, 0x0000000421800000|  0%| F|  |TAMS 0x0000000421000000| PB 0x0000000421000000| Untracked 
|  60|0x0000000421800000, 0x0000000421800000, 0x0000000422000000|  0%| F|  |TAMS 0x0000000421800000| PB 0x0000000421800000| Untracked 
|  61|0x0000000422000000, 0x0000000422000000, 0x0000000422800000|  0%| F|  |TAMS 0x0000000422000000| PB 0x0000000422000000| Untracked 
|  62|0x0000000422800000, 0x0000000422800000, 0x0000000423000000|  0%| F|  |TAMS 0x0000000422800000| PB 0x0000000422800000| Untracked 
|  63|0x0000000423000000, 0x0000000423000000, 0x0000000423800000|  0%| F|  |TAMS 0x0000000423000000| PB 0x0000000423000000| Untracked 
|  64|0x0000000423800000, 0x0000000423800000, 0x0000000424000000|  0%| F|  |TAMS 0x0000000423800000| PB 0x0000000423800000| Untracked 
|  65|0x0000000424000000, 0x0000000424000000, 0x0000000424800000|  0%| F|  |TAMS 0x0000000424000000| PB 0x0000000424000000| Untracked 
|  66|0x0000000424800000, 0x0000000424800000, 0x0000000425000000|  0%| F|  |TAMS 0x0000000424800000| PB 0x0000000424800000| Untracked 
|  67|0x0000000425000000, 0x0000000425000000, 0x0000000425800000|  0%| F|  |TAMS 0x0000000425000000| PB 0x0000000425000000| Untracked 
|  68|0x0000000425800000, 0x0000000425800000, 0x0000000426000000|  0%| F|  |TAMS 0x0000000425800000| PB 0x0000000425800000| Untracked 
|  69|0x0000000426000000, 0x0000000426000000, 0x0000000426800000|  0%| F|  |TAMS 0x0000000426000000| PB 0x0000000426000000| Untracked 
|  70|0x0000000426800000, 0x0000000426800000, 0x0000000427000000|  0%| F|  |TAMS 0x0000000426800000| PB 0x0000000426800000| Untracked 
|  71|0x0000000427000000, 0x0000000427000000, 0x0000000427800000|  0%| F|  |TAMS 0x0000000427000000| PB 0x0000000427000000| Untracked 
|  72|0x0000000427800000, 0x0000000427800000, 0x0000000428000000|  0%| F|  |TAMS 0x0000000427800000| PB 0x0000000427800000| Untracked 
|  73|0x0000000428000000, 0x0000000428000000, 0x0000000428800000|  0%| F|  |TAMS 0x0000000428000000| PB 0x0000000428000000| Untracked 
|  74|0x0000000428800000, 0x0000000428800000, 0x0000000429000000|  0%| F|  |TAMS 0x0000000428800000| PB 0x0000000428800000| Untracked 
|  75|0x0000000429000000, 0x0000000429000000, 0x0000000429800000|  0%| F|  |TAMS 0x0000000429000000| PB 0x0000000429000000| Untracked 
|  76|0x0000000429800000, 0x0000000429800000, 0x000000042a000000|  0%| F|  |TAMS 0x0000000429800000| PB 0x0000000429800000| Untracked 
|  77|0x000000042a000000, 0x000000042a000000, 0x000000042a800000|  0%| F|  |TAMS 0x000000042a000000| PB 0x000000042a000000| Untracked 
|  78|0x000000042a800000, 0x000000042a800000, 0x000000042b000000|  0%| F|  |TAMS 0x000000042a800000| PB 0x000000042a800000| Untracked 
|  79|0x000000042b000000, 0x000000042b000000, 0x000000042b800000|  0%| F|  |TAMS 0x000000042b000000| PB 0x000000042b000000| Untracked 
|  80|0x000000042b800000, 0x000000042b800000, 0x000000042c000000|  0%| F|  |TAMS 0x000000042b800000| PB 0x000000042b800000| Untracked 
|  81|0x000000042c000000, 0x000000042c000000, 0x000000042c800000|  0%| F|  |TAMS 0x000000042c000000| PB 0x000000042c000000| Untracked 
|  82|0x000000042c800000, 0x000000042c800000, 0x000000042d000000|  0%| F|  |TAMS 0x000000042c800000| PB 0x000000042c800000| Untracked 
|  83|0x000000042d000000, 0x000000042d000000, 0x000000042d800000|  0%| F|  |TAMS 0x000000042d000000| PB 0x000000042d000000| Untracked 
|  84|0x000000042d800000, 0x000000042d800000, 0x000000042e000000|  0%| F|  |TAMS 0x000000042d800000| PB 0x000000042d800000| Untracked 
|  85|0x000000042e000000, 0x000000042e000000, 0x000000042e800000|  0%| F|  |TAMS 0x000000042e000000| PB 0x000000042e000000| Untracked 
|  86|0x000000042e800000, 0x000000042e800000, 0x000000042f000000|  0%| F|  |TAMS 0x000000042e800000| PB 0x000000042e800000| Untracked 
|  87|0x000000042f000000, 0x000000042f000000, 0x000000042f800000|  0%| F|  |TAMS 0x000000042f000000| PB 0x000000042f000000| Untracked 
|  88|0x000000042f800000, 0x000000042f800000, 0x0000000430000000|  0%| F|  |TAMS 0x000000042f800000| PB 0x000000042f800000| Untracked 
|  89|0x0000000430000000, 0x0000000430000000, 0x0000000430800000|  0%| F|  |TAMS 0x0000000430000000| PB 0x0000000430000000| Untracked 
|  90|0x0000000430800000, 0x0000000430800000, 0x0000000431000000|  0%| F|  |TAMS 0x0000000430800000| PB 0x0000000430800000| Untracked 
|  91|0x0000000431000000, 0x0000000431000000, 0x0000000431800000|  0%| F|  |TAMS 0x0000000431000000| PB 0x0000000431000000| Untracked 
|  92|0x0000000431800000, 0x0000000431800000, 0x0000000432000000|  0%| F|  |TAMS 0x0000000431800000| PB 0x0000000431800000| Untracked 
|  93|0x0000000432000000, 0x0000000432000000, 0x0000000432800000|  0%| F|  |TAMS 0x0000000432000000| PB 0x0000000432000000| Untracked 
|  94|0x0000000432800000, 0x0000000432800000, 0x0000000433000000|  0%| F|  |TAMS 0x0000000432800000| PB 0x0000000432800000| Untracked 
|  95|0x0000000433000000, 0x0000000433000000, 0x0000000433800000|  0%| F|  |TAMS 0x0000000433000000| PB 0x0000000433000000| Untracked 
|  96|0x0000000433800000, 0x0000000433800000, 0x0000000434000000|  0%| F|  |TAMS 0x0000000433800000| PB 0x0000000433800000| Untracked 
|  97|0x0000000434000000, 0x0000000434000000, 0x0000000434800000|  0%| F|  |TAMS 0x0000000434000000| PB 0x0000000434000000| Untracked 
|  98|0x0000000434800000, 0x0000000434800000, 0x0000000435000000|  0%| F|  |TAMS 0x0000000434800000| PB 0x0000000434800000| Untracked 
|  99|0x0000000435000000, 0x0000000435000000, 0x0000000435800000|  0%| F|  |TAMS 0x0000000435000000| PB 0x0000000435000000| Untracked 
| 100|0x0000000435800000, 0x0000000435800000, 0x0000000436000000|  0%| F|  |TAMS 0x0000000435800000| PB 0x0000000435800000| Untracked 
| 101|0x0000000436000000, 0x0000000436000000, 0x0000000436800000|  0%| F|  |TAMS 0x0000000436000000| PB 0x0000000436000000| Untracked 
| 102|0x0000000436800000, 0x0000000436800000, 0x0000000437000000|  0%| F|  |TAMS 0x0000000436800000| PB 0x0000000436800000| Untracked 
| 103|0x0000000437000000, 0x0000000437000000, 0x0000000437800000|  0%| F|  |TAMS 0x0000000437000000| PB 0x0000000437000000| Untracked 
| 104|0x0000000437800000, 0x0000000437800000, 0x0000000438000000|  0%| F|  |TAMS 0x0000000437800000| PB 0x0000000437800000| Untracked 
| 105|0x0000000438000000, 0x0000000438000000, 0x0000000438800000|  0%| F|  |TAMS 0x0000000438000000| PB 0x0000000438000000| Untracked 
| 106|0x0000000438800000, 0x0000000438800000, 0x0000000439000000|  0%| F|  |TAMS 0x0000000438800000| PB 0x0000000438800000| Untracked 
| 107|0x0000000439000000, 0x0000000439000000, 0x0000000439800000|  0%| F|  |TAMS 0x0000000439000000| PB 0x0000000439000000| Untracked 
| 108|0x0000000439800000, 0x0000000439800000, 0x000000043a000000|  0%| F|  |TAMS 0x0000000439800000| PB 0x0000000439800000| Untracked 
| 109|0x000000043a000000, 0x000000043a000000, 0x000000043a800000|  0%| F|  |TAMS 0x000000043a000000| PB 0x000000043a000000| Untracked 
| 110|0x000000043a800000, 0x000000043a800000, 0x000000043b000000|  0%| F|  |TAMS 0x000000043a800000| PB 0x000000043a800000| Untracked 
| 111|0x000000043b000000, 0x000000043b000000, 0x000000043b800000|  0%| F|  |TAMS 0x000000043b000000| PB 0x000000043b000000| Untracked 
| 112|0x000000043b800000, 0x000000043b800000, 0x000000043c000000|  0%| F|  |TAMS 0x000000043b800000| PB 0x000000043b800000| Untracked 
| 113|0x000000043c000000, 0x000000043c000000, 0x000000043c800000|  0%| F|  |TAMS 0x000000043c000000| PB 0x000000043c000000| Untracked 
| 114|0x000000043c800000, 0x000000043c800000, 0x000000043d000000|  0%| F|  |TAMS 0x000000043c800000| PB 0x000000043c800000| Untracked 
| 115|0x000000043d000000, 0x000000043d000000, 0x000000043d800000|  0%| F|  |TAMS 0x000000043d000000| PB 0x000000043d000000| Untracked 
| 116|0x000000043d800000, 0x000000043d800000, 0x000000043e000000|  0%| F|  |TAMS 0x000000043d800000| PB 0x000000043d800000| Untracked 
| 117|0x000000043e000000, 0x000000043e000000, 0x000000043e800000|  0%| F|  |TAMS 0x000000043e000000| PB 0x000000043e000000| Untracked 
| 118|0x000000043e800000, 0x000000043e800000, 0x000000043f000000|  0%| F|  |TAMS 0x000000043e800000| PB 0x000000043e800000| Untracked 
| 119|0x000000043f000000, 0x000000043f000000, 0x000000043f800000|  0%| F|  |TAMS 0x000000043f000000| PB 0x000000043f000000| Untracked 
| 120|0x000000043f800000, 0x000000043f800000, 0x0000000440000000|  0%| F|  |TAMS 0x000000043f800000| PB 0x000000043f800000| Untracked 
| 121|0x0000000440000000, 0x0000000440000000, 0x0000000440800000|  0%| F|  |TAMS 0x0000000440000000| PB 0x0000000440000000| Untracked 
| 122|0x0000000440800000, 0x0000000440800000, 0x0000000441000000|  0%| F|  |TAMS 0x0000000440800000| PB 0x0000000440800000| Untracked 
| 123|0x0000000441000000, 0x0000000441000000, 0x0000000441800000|  0%| F|  |TAMS 0x0000000441000000| PB 0x0000000441000000| Untracked 
| 124|0x0000000441800000, 0x0000000441800000, 0x0000000442000000|  0%| F|  |TAMS 0x0000000441800000| PB 0x0000000441800000| Untracked 
| 125|0x0000000442000000, 0x000000044241c428, 0x0000000442800000| 51%| E|  |TAMS 0x0000000442000000| PB 0x0000000442000000| Complete 
| 126|0x0000000442800000, 0x0000000443000000, 0x0000000443000000|100%| E|CS|TAMS 0x0000000442800000| PB 0x0000000442800000| Complete 
| 127|0x0000000443000000, 0x0000000443800000, 0x0000000443800000|100%| E|CS|TAMS 0x0000000443000000| PB 0x0000000443000000| Complete 

Card table byte_map: [0x000001f0c8180000,0x000001f0ca170000] _byte_map_base: 0x000001f0c6164000

Marking Bits: (CMBitMap*) 0x000001f0ad879cc0
 Bits: [0x000001f0ca170000, 0x000001f0da090000)

Polling page: 0x000001f0acfd0000

Metaspace:

Usage:
  Non-class:      4.08 MB used.
      Class:    305.05 KB used.
       Both:      4.38 MB used.

Virtual space:
  Non-class space:       64.00 MB reserved,       4.19 MB (  7%) committed,  1 nodes.
      Class space:        1.00 GB reserved,     384.00 KB ( <1%) committed,  1 nodes.
             Both:        1.06 GB reserved,       4.56 MB ( <1%) committed. 

Chunk freelists:
   Non-Class:  10.06 MB
       Class:  15.60 MB
        Both:  25.66 MB

MaxMetaspaceSize: unlimited
CompressedClassSpaceSize: 1.00 GB
Initial GC threshold: 21.00 MB
Current GC threshold: 21.00 MB
CDS: on
 - commit_granule_bytes: 65536.
 - commit_granule_words: 8192.
 - virtual_space_node_default_size: 8388608.
 - enlarge_chunks_in_place: 1.
 - use_allocation_guard: 0.


Internal statistics:

num_allocs_failed_limit: 0.
num_arena_births: 124.
num_arena_deaths: 0.
num_vsnodes_births: 2.
num_vsnodes_deaths: 0.
num_space_committed: 73.
num_space_uncommitted: 0.
num_chunks_returned_to_freelist: 0.
num_chunks_taken_from_freelist: 222.
num_chunk_merges: 0.
num_chunk_splits: 147.
num_chunks_enlarged: 99.
num_inconsistent_stats: 0.

CodeHeap 'non-profiled nmethods': size=118848Kb used=317Kb max_used=317Kb free=118530Kb
 bounds [0x000001f0bd850000, 0x000001f0bdac0000, 0x000001f0c4c60000]
CodeHeap 'profiled nmethods': size=118848Kb used=1605Kb max_used=1605Kb free=117242Kb
 bounds [0x000001f0b5c60000, 0x000001f0b5ed0000, 0x000001f0bd070000]
CodeHeap 'non-nmethods': size=8064Kb used=4402Kb max_used=4418Kb free=3661Kb
 bounds [0x000001f0bd070000, 0x000001f0bd4d0000, 0x000001f0bd850000]
 total_blobs=2132 nmethods=1020 adapters=1013
 compilation: enabled
              stopped_count=0, restarted_count=0
 full_count=0

Compilation events (20 events):
Event: 0.431 Thread 0x000001f0ddbb4000 nmethod 1006 0x000001f0b5dec210 code [0x000001f0b5dec3e0, 0x000001f0b5dec758]
Event: 0.431 Thread 0x000001f0ddafd400 nmethod 1007 0x000001f0b5dec890 code [0x000001f0b5deca80, 0x000001f0b5deceb0]
Event: 0.431 Thread 0x000001f1232679d0 nmethod 1009 0x000001f0b5ded090 code [0x000001f0b5ded240, 0x000001f0b5ded418]
Event: 0.431 Thread 0x000001f0ddcc0370 nmethod 1008 0x000001f0b5ded510 code [0x000001f0b5ded700, 0x000001f0b5dedae8]
Event: 0.431 Thread 0x000001f123266f10 nmethod 1003 0x000001f0b5dedd10 code [0x000001f0b5dedf80, 0x000001f0b5deec18]
Event: 0.431 Thread 0x000001f0ddafc5d0 1010       4       java.nio.DirectIntBufferU::ix (10 bytes)
Event: 0.432 Thread 0x000001f0ddafc5d0 nmethod 1010 0x000001f0bd89da10 code [0x000001f0bd89dba0, 0x000001f0bd89dc30]
Event: 0.432 Thread 0x000001f0ddafc5d0 1011       4       java.lang.AbstractStringBuilder::append (45 bytes)
Event: 0.432 Thread 0x000001f123266f10 1012       3       java.util.zip.ZipFile$ZipFileInflaterInputStream::fill (80 bytes)
Event: 0.432 Thread 0x000001f0ddbb4000 1013   !   3       java.util.zip.Inflater::setInput (56 bytes)
Event: 0.432 Thread 0x000001f1232679d0 1014       3       java.lang.Math::min (12 bytes)
Event: 0.432 Thread 0x000001f123266f10 nmethod 1012 0x000001f0b5deef90 code [0x000001f0b5def180, 0x000001f0b5def530]
Event: 0.432 Thread 0x000001f1232679d0 nmethod 1014 0x000001f0b5def710 code [0x000001f0b5def8a0, 0x000001f0b5def9e0]
Event: 0.432 Thread 0x000001f0ddbb4000 nmethod 1013 0x000001f0b5defa90 code [0x000001f0b5defc60, 0x000001f0b5df0060]
Event: 0.432 Thread 0x000001f0ddbb4000 1016       3       sun.misc.Unsafe::putLong (11 bytes)
Event: 0.432 Thread 0x000001f0ddafd400 1017       3       org.lwjgl.system.MemoryUtil::memPutAddress (29 bytes)
Event: 0.432 Thread 0x000001f0ddbb4000 nmethod 1016 0x000001f0b5df0210 code [0x000001f0b5df03a0, 0x000001f0b5df04b0]
Event: 0.432 Thread 0x000001f0ddafd400 nmethod 1017 0x000001f0b5df0590 code [0x000001f0b5df0740, 0x000001f0b5df0938]
Event: 0.432 Thread 0x000001f1232679d0 1020       3       java.lang.Math::clamp (49 bytes)
Event: 0.433 Thread 0x000001f1232679d0 nmethod 1020 0x000001f0b5df0a10 code [0x000001f0b5df0c60, 0x000001f0b5df1450]

GC Heap History (0 events):
No events

Dll operation events (14 events):
Event: 0.004 Loaded shared library C:\Program Files\Java\jdk-21\bin\java.dll
Event: 0.023 Loaded shared library C:\Program Files\Java\jdk-21\bin\jsvml.dll
Event: 0.052 Loaded shared library C:\Program Files\Java\jdk-21\bin\zip.dll
Event: 0.053 Loaded shared library C:\Program Files\Java\jdk-21\bin\instrument.dll
Event: 0.056 Loaded shared library C:\Program Files\Java\jdk-21\bin\net.dll
Event: 0.056 Loaded shared library C:\Program Files\Java\jdk-21\bin\nio.dll
Event: 0.058 Loaded shared library C:\Program Files\Java\jdk-21\bin\zip.dll
Event: 0.082 Loaded shared library C:\Program Files\JetBrains\IntelliJ\bin\breakgen64.dll
Event: 0.085 Loaded shared library C:\Program Files\Java\jdk-21\bin\verify.dll
Event: 0.086 Loaded shared library C:\Program Files\Java\jdk-21\bin\extnet.dll
Event: 0.111 Loaded shared library C:\Program Files\Java\jdk-21\bin\jimage.dll
Event: 0.155 Loaded shared library C:\Users\bkmcm\AppData\Local\Temp\lwjgl_bkmcm\3.3.3+5\x64\lwjgl.dll
Event: 0.234 Loaded shared library C:\Users\bkmcm\AppData\Local\Temp\lwjgl_bkmcm\3.3.3+5\x64\lwjgl_stb.dll
Event: 0.430 Loaded shared library C:\Users\bkmcm\AppData\Local\Temp\lwjgl_bkmcm\3.3.3+5\x64\lwjgl_opengl.dll

Deoptimization events (20 events):
Event: 0.099 Thread 0x000001f0ad80b420 DEOPT PACKING pc=0x000001f0b5c6a9e1 sp=0x00000097cabfc5a0
Event: 0.099 Thread 0x000001f0ad80b420 DEOPT UNPACKING pc=0x000001f0bd0c4e42 sp=0x00000097cabfba08 mode 0
Event: 0.118 Thread 0x000001f123259480 Uncommon trap: trap_request=0xffffff45 fr.pc=0x000001f0bd867810 relative=0x0000000000000070
Event: 0.118 Thread 0x000001f123259480 Uncommon trap: reason=unstable_if action=reinterpret pc=0x000001f0bd867810 method=java.io.WinNTFileSystem.isSlash(C)Z @ 9 c2
Event: 0.118 Thread 0x000001f123259480 DEOPT PACKING pc=0x000001f0bd867810 sp=0x00000097cc1fee40
Event: 0.118 Thread 0x000001f123259480 DEOPT UNPACKING pc=0x000001f0bd0c46a2 sp=0x00000097cc1fedc8 mode 2
Event: 0.126 Thread 0x000001f123259480 Uncommon trap: trap_request=0xffffff45 fr.pc=0x000001f0bd86720c relative=0x000000000000006c
Event: 0.126 Thread 0x000001f123259480 Uncommon trap: reason=unstable_if action=reinterpret pc=0x000001f0bd86720c method=java.lang.AbstractStringBuilder.isLatin1()Z @ 10 c2
Event: 0.126 Thread 0x000001f123259480 DEOPT PACKING pc=0x000001f0bd86720c sp=0x00000097cc1fecc0
Event: 0.126 Thread 0x000001f123259480 DEOPT UNPACKING pc=0x000001f0bd0c46a2 sp=0x00000097cc1fec50 mode 2
Event: 0.154 Thread 0x000001f123259480 Uncommon trap: trap_request=0xffffff45 fr.pc=0x000001f0bd884434 relative=0x00000000000006f4
Event: 0.154 Thread 0x000001f123259480 Uncommon trap: reason=unstable_if action=reinterpret pc=0x000001f0bd884434 method=java.util.regex.Matcher.search(I)Z @ 30 c2
Event: 0.154 Thread 0x000001f123259480 DEOPT PACKING pc=0x000001f0bd884434 sp=0x00000097cc1fb4d0
Event: 0.154 Thread 0x000001f123259480 DEOPT UNPACKING pc=0x000001f0bd0c46a2 sp=0x00000097cc1fb4b0 mode 2
Event: 0.173 Thread 0x000001f123259480 Uncommon trap: trap_request=0xffffff45 fr.pc=0x000001f0bd86046c relative=0x0000000000000a8c
Event: 0.173 Thread 0x000001f123259480 Uncommon trap: reason=unstable_if action=reinterpret pc=0x000001f0bd86046c method=java.util.HashMap.putVal(ILjava/lang/Object;Ljava/lang/Object;ZZ)Ljava/lang/Object; @ 181 c2
Event: 0.173 Thread 0x000001f123259480 DEOPT PACKING pc=0x000001f0bd86046c sp=0x00000097cc1fb1e0
Event: 0.173 Thread 0x000001f123259480 DEOPT UNPACKING pc=0x000001f0bd0c46a2 sp=0x00000097cc1fb1a0 mode 2
Event: 0.180 Thread 0x000001f123259480 DEOPT PACKING pc=0x000001f0b5d6ef3a sp=0x00000097cc1fb300
Event: 0.180 Thread 0x000001f123259480 DEOPT UNPACKING pc=0x000001f0bd0c4e42 sp=0x00000097cc1fa798 mode 0

Classes loaded (20 events):
Event: 0.184 Loading class java/lang/foreign/MemorySegment
Event: 0.184 Loading class java/lang/foreign/MemorySegment done
Event: 0.187 Loading class java/nio/InvalidMarkException
Event: 0.187 Loading class java/nio/InvalidMarkException done
Event: 0.187 Loading class java/nio/BufferUnderflowException
Event: 0.187 Loading class java/nio/BufferUnderflowException done
Event: 0.196 Loading class java/lang/NoSuchFieldError
Event: 0.196 Loading class java/lang/NoSuchFieldError done
Event: 0.199 Loading class jdk/internal/foreign/MemorySessionImpl
Event: 0.199 Loading class java/lang/foreign/MemorySegment$Scope
Event: 0.199 Loading class java/lang/foreign/MemorySegment$Scope done
Event: 0.199 Loading class jdk/internal/foreign/MemorySessionImpl done
Event: 0.214 Loading class jdk/internal/reflect/MethodHandleIntegerFieldAccessorImpl
Event: 0.214 Loading class jdk/internal/reflect/MethodHandleIntegerFieldAccessorImpl done
Event: 0.228 Loading class java/nio/channels/Channels$ReadableByteChannelImpl
Event: 0.228 Loading class java/nio/channels/Channels$ReadableByteChannelImpl done
Event: 0.228 Loading class java/nio/channels/spi/AbstractInterruptibleChannel$1
Event: 0.228 Loading class sun/nio/ch/Interruptible
Event: 0.228 Loading class sun/nio/ch/Interruptible done
Event: 0.228 Loading class java/nio/channels/spi/AbstractInterruptibleChannel$1 done

Classes unloaded (0 events):
No events

Classes redefined (0 events):
No events

Internal exceptions (20 events):
Event: 0.184 Thread 0x000001f123259480 Exception <a 'java/lang/NoSuchMethodError'{0x0000000442112d90}: 'java.lang.Object java.lang.invoke.DirectMethodHandle$Holder.newInvokeSpecial(java.lang.Object, java.lang.Object, int)'> (0x0000000442112d90) 
thrown [s\open\src\hotspot\share\interpreter\linkResolver.cpp, line 773]
Event: 0.185 Thread 0x000001f123259480 Exception <a 'java/lang/NoSuchMethodError'{0x0000000442121160}: 'int java.lang.invoke.DirectMethodHandle$Holder.invokeStaticInit(java.lang.Object, java.lang.Object, long, long)'> (0x0000000442121160) 
thrown [s\open\src\hotspot\share\interpreter\linkResolver.cpp, line 773]
Event: 0.186 Thread 0x000001f123259480 Exception <a 'java/lang/NoSuchMethodError'{0x0000000442126640}: 'java.lang.Object java.lang.invoke.DirectMethodHandle$Holder.newInvokeSpecial(java.lang.Object, java.lang.Object, long)'> (0x0000000442126640) 
thrown [s\open\src\hotspot\share\interpreter\linkResolver.cpp, line 773]
Event: 0.186 Thread 0x000001f123259480 Exception <a 'java/lang/NoSuchMethodError'{0x0000000442129c88}: 'java.lang.Object java.lang.invoke.Invokers$Holder.linkToTargetMethod(java.lang.Object, long, java.lang.Object)'> (0x0000000442129c88) 
thrown [s\open\src\hotspot\share\interpreter\linkResolver.cpp, line 773]
Event: 0.186 Thread 0x000001f123259480 Exception <a 'java/lang/NoSuchMethodError'{0x0000000442130be0}: 'int java.lang.invoke.DirectMethodHandle$Holder.invokeStaticInit(java.lang.Object, java.lang.Object, java.lang.Object, long)'> (0x0000000442130be0) 
thrown [s\open\src\hotspot\share\interpreter\linkResolver.cpp, line 773]
Event: 0.196 Thread 0x000001f123259480 Exception <a 'sun/nio/fs/WindowsException'{0x000000044218d728}> (0x000000044218d728) 
thrown [s\open\src\hotspot\share\prims\jni.cpp, line 520]
Event: 0.196 Thread 0x000001f123259480 Exception <a 'sun/nio/fs/WindowsException'{0x000000044218dab8}> (0x000000044218dab8) 
thrown [s\open\src\hotspot\share\prims\jni.cpp, line 520]
Event: 0.211 Thread 0x000001f123259480 Exception <a 'sun/nio/fs/WindowsException'{0x00000004422223c0}> (0x00000004422223c0) 
thrown [s\open\src\hotspot\share\prims\jni.cpp, line 520]
Event: 0.211 Thread 0x000001f123259480 Exception <a 'sun/nio/fs/WindowsException'{0x0000000442222720}> (0x0000000442222720) 
thrown [s\open\src\hotspot\share\prims\jni.cpp, line 520]
Event: 0.214 Thread 0x000001f123259480 Exception <a 'java/lang/NoSuchMethodError'{0x0000000442228cf0}: 'int java.lang.invoke.Invokers$Holder.invokeExact_MT(java.lang.Object, java.lang.Object)'> (0x0000000442228cf0) 
thrown [s\open\src\hotspot\share\interpreter\linkResolver.cpp, line 773]
Event: 0.229 Thread 0x000001f123259480 Exception <a 'java/lang/NoSuchMethodError'{0x00000004422a21c8}: 'void java.lang.System.load(java.lang.String, java.lang.Class)'> (0x00000004422a21c8) 
thrown [s\open\src\hotspot\share\interpreter\linkResolver.cpp, line 773]
Event: 0.229 Thread 0x000001f123259480 Exception <a 'java/lang/NoSuchMethodError'{0x00000004422a4b68}: 'void java.lang.System.loadLibrary(java.lang.String, java.lang.Class)'> (0x00000004422a4b68) 
thrown [s\open\src\hotspot\share\interpreter\linkResolver.cpp, line 773]
Event: 0.233 Thread 0x000001f123259480 Exception <a 'sun/nio/fs/WindowsException'{0x00000004422b4cc8}> (0x00000004422b4cc8) 
thrown [s\open\src\hotspot\share\prims\jni.cpp, line 520]
Event: 0.233 Thread 0x000001f123259480 Exception <a 'sun/nio/fs/WindowsException'{0x00000004422b5048}> (0x00000004422b5048) 
thrown [s\open\src\hotspot\share\prims\jni.cpp, line 520]
Event: 0.426 Thread 0x000001f123259480 Exception <a 'java/lang/NoSuchMethodError'{0x0000000442330b40}: 'void java.lang.System.load(java.lang.String, java.lang.Class)'> (0x0000000442330b40) 
thrown [s\open\src\hotspot\share\interpreter\linkResolver.cpp, line 773]
Event: 0.427 Thread 0x000001f123259480 Exception <a 'java/lang/NoSuchMethodError'{0x00000004423334e0}: 'void java.lang.System.loadLibrary(java.lang.String, java.lang.Class)'> (0x00000004423334e0) 
thrown [s\open\src\hotspot\share\interpreter\linkResolver.cpp, line 773]
Event: 0.429 Thread 0x000001f123259480 Exception <a 'sun/nio/fs/WindowsException'{0x0000000442343750}> (0x0000000442343750) 
thrown [s\open\src\hotspot\share\prims\jni.cpp, line 520]
Event: 0.429 Thread 0x000001f123259480 Exception <a 'sun/nio/fs/WindowsException'{0x0000000442343af0}> (0x0000000442343af0) 
thrown [s\open\src\hotspot\share\prims\jni.cpp, line 520]
Event: 0.432 Thread 0x000001f123259480 Exception <a 'sun/nio/fs/WindowsException'{0x000000044234d590}> (0x000000044234d590) 
thrown [s\open\src\hotspot\share\prims\jni.cpp, line 520]
Event: 0.432 Thread 0x000001f123259480 Exception <a 'sun/nio/fs/WindowsException'{0x000000044234d860}> (0x000000044234d860) 
thrown [s\open\src\hotspot\share\prims\jni.cpp, line 520]

ZGC Phase Switch (0 events):
No events

VM Operations (4 events):
Event: 0.046 Executing VM operation: HandshakeAllThreads (Deoptimize)
Event: 0.046 Executing VM operation: HandshakeAllThreads (Deoptimize) done
Event: 0.150 Executing VM operation: HandshakeAllThreads (Deoptimize)
Event: 0.150 Executing VM operation: HandshakeAllThreads (Deoptimize) done

Events (20 events):
Event: 0.022 Thread 0x000001f0ddaf2670 Thread added: 0x000001f0ddaf2670
Event: 0.022 Thread 0x000001f0ddaf51e0 Thread added: 0x000001f0ddaf51e0
Event: 0.022 Thread 0x000001f0ddaf5c40 Thread added: 0x000001f0ddaf5c40
Event: 0.022 Thread 0x000001f0ddaf76b0 Thread added: 0x000001f0ddaf76b0
Event: 0.022 Thread 0x000001f0ddafc5d0 Thread added: 0x000001f0ddafc5d0
Event: 0.022 Thread 0x000001f0ddafd400 Thread added: 0x000001f0ddafd400
Event: 0.023 Thread 0x000001f0ddbb4000 Thread added: 0x000001f0ddbb4000
Event: 0.042 Thread 0x000001f0ddc47a20 Thread added: 0x000001f0ddc47a20
Event: 0.047 Thread 0x000001f0ddcc0370 Thread added: 0x000001f0ddcc0370
Event: 0.049 Thread 0x000001f0ddcc3170 Thread added: 0x000001f0ddcc3170
Event: 0.083 Thread 0x000001f0dde438a0 Thread added: 0x000001f0dde438a0
Event: 0.083 Thread 0x000001f123028f70 Thread added: 0x000001f123028f70
Event: 0.100 Thread 0x000001f123259480 Thread added: 0x000001f123259480
Event: 0.100 Thread 0x000001f0ad80b420 Thread exited: 0x000001f0ad80b420
Event: 0.100 Thread 0x000001f0ad80b420 Thread added: 0x000001f0ad80b420
Event: 0.105 Thread 0x000001f123266f10 Thread added: 0x000001f123266f10
Event: 0.105 Thread 0x000001f1232679d0 Thread added: 0x000001f1232679d0
Event: 0.108 Thread 0x000001f123236010 Thread added: 0x000001f123236010
Event: 0.420 Thread 0x000001f123236010 Thread exited: 0x000001f123236010
Event: 0.427 Thread 0x000001f0ddcc3170 Thread exited: 0x000001f0ddcc3170


Dynamic libraries:
0x00007ff60df00000 - 0x00007ff60df10000 	C:\Program Files\Java\jdk-21\bin\java.exe
0x00007ffeea9f0000 - 0x00007ffeeac07000 	C:\Windows\SYSTEM32\ntdll.dll
0x00007ffee9ca0000 - 0x00007ffee9d64000 	C:\Windows\System32\KERNEL32.DLL
0x00007ffee7e90000 - 0x00007ffee8236000 	C:\Windows\System32\KERNELBASE.dll
0x00007ffee83b0000 - 0x00007ffee84c1000 	C:\Windows\System32\ucrtbase.dll
0x00007ffed5b10000 - 0x00007ffed5b29000 	C:\Program Files\Java\jdk-21\bin\jli.dll
0x00007ffed5af0000 - 0x00007ffed5b0b000 	C:\Program Files\Java\jdk-21\bin\VCRUNTIME140.dll
0x00007ffee9d70000 - 0x00007ffee9e23000 	C:\Windows\System32\ADVAPI32.dll
0x00007ffee9e60000 - 0x00007ffee9f07000 	C:\Windows\System32\msvcrt.dll
0x00007ffee8dc0000 - 0x00007ffee8e68000 	C:\Windows\System32\sechost.dll
0x00007ffee84d0000 - 0x00007ffee84f8000 	C:\Windows\System32\bcrypt.dll
0x00007ffee8b90000 - 0x00007ffee8ca7000 	C:\Windows\System32\RPCRT4.dll
0x00007ffee8840000 - 0x00007ffee89ee000 	C:\Windows\System32\USER32.dll
0x00007ffee8500000 - 0x00007ffee8526000 	C:\Windows\System32\win32u.dll
0x00007ffee9e30000 - 0x00007ffee9e59000 	C:\Windows\System32\GDI32.dll
0x00007ffee8530000 - 0x00007ffee8648000 	C:\Windows\System32\gdi32full.dll
0x00007ffee7df0000 - 0x00007ffee7e8a000 	C:\Windows\System32\msvcp_win.dll
0x00007ffed7a20000 - 0x00007ffed7cb3000 	C:\Windows\WinSxS\amd64_microsoft.windows.common-controls_6595b64144ccf1df_6.0.22621.2506_none_270c5ae97388e100\COMCTL32.dll
0x00007ffedece0000 - 0x00007ffedecea000 	C:\Windows\SYSTEM32\VERSION.dll
0x00007ffeea970000 - 0x00007ffeea9a1000 	C:\Windows\System32\IMM32.DLL
0x00007ffed6280000 - 0x00007ffed628c000 	C:\Program Files\Java\jdk-21\bin\vcruntime140_1.dll
0x00007ffec2740000 - 0x00007ffec27ce000 	C:\Program Files\Java\jdk-21\bin\msvcp140.dll
0x00007ffe46330000 - 0x00007ffe47045000 	C:\Program Files\Java\jdk-21\bin\server\jvm.dll
0x00007ffeea800000 - 0x00007ffeea871000 	C:\Windows\System32\WS2_32.dll
0x00007ffee6b80000 - 0x00007ffee6bcd000 	C:\Windows\SYSTEM32\POWRPROF.dll
0x00007ffedecf0000 - 0x00007ffeded24000 	C:\Windows\SYSTEM32\WINMM.dll
0x00007ffee6b50000 - 0x00007ffee6b63000 	C:\Windows\SYSTEM32\UMPDC.dll
0x00007ffee6e20000 - 0x00007ffee6e38000 	C:\Windows\SYSTEM32\kernel.appcore.dll
0x00007ffed5ae0000 - 0x00007ffed5aea000 	C:\Program Files\Java\jdk-21\bin\jimage.dll
0x00007ffee5570000 - 0x00007ffee57a3000 	C:\Windows\SYSTEM32\DBGHELP.DLL
0x00007ffee9fd0000 - 0x00007ffeea359000 	C:\Windows\System32\combase.dll
0x00007ffeea890000 - 0x00007ffeea967000 	C:\Windows\System32\OLEAUT32.dll
0x00007ffec7330000 - 0x00007ffec7362000 	C:\Windows\SYSTEM32\dbgcore.DLL
0x00007ffee86c0000 - 0x00007ffee873a000 	C:\Windows\System32\bcryptPrimitives.dll
0x00007ffee29a0000 - 0x00007ffee29af000 	C:\Program Files\Java\jdk-21\bin\instrument.dll
0x00007ffed5ac0000 - 0x00007ffed5adf000 	C:\Program Files\Java\jdk-21\bin\java.dll
0x00007ffee9440000 - 0x00007ffee9c9a000 	C:\Windows\System32\SHELL32.dll
0x00007ffee5c40000 - 0x00007ffee6536000 	C:\Windows\SYSTEM32\windows.storage.dll
0x00007ffee5b00000 - 0x00007ffee5c3e000 	C:\Windows\SYSTEM32\wintypes.dll
0x00007ffee8740000 - 0x00007ffee8833000 	C:\Windows\System32\SHCORE.dll
0x00007ffeea5a0000 - 0x00007ffeea5fe000 	C:\Windows\System32\shlwapi.dll
0x00007ffee7c60000 - 0x00007ffee7c86000 	C:\Windows\SYSTEM32\profapi.dll
0x00007ffec2660000 - 0x00007ffec2737000 	C:\Program Files\Java\jdk-21\bin\jsvml.dll
0x00007ffec2640000 - 0x00007ffec2658000 	C:\Program Files\Java\jdk-21\bin\zip.dll
0x00007ffed5ab0000 - 0x00007ffed5ac0000 	C:\Program Files\Java\jdk-21\bin\net.dll
0x00007ffee1760000 - 0x00007ffee1897000 	C:\Windows\SYSTEM32\WINHTTP.dll
0x00007ffee72d0000 - 0x00007ffee7339000 	C:\Windows\system32\mswsock.dll
0x00007ffed5a90000 - 0x00007ffed5aa6000 	C:\Program Files\Java\jdk-21\bin\nio.dll
0x00007ffec0e00000 - 0x00007ffec0e1a000 	C:\Program Files\JetBrains\IntelliJ\bin\breakgen64.dll
0x00007ffec2610000 - 0x00007ffec2620000 	C:\Program Files\Java\jdk-21\bin\verify.dll
0x00007ffec6460000 - 0x00007ffec6467000 	C:\Program Files\Java\jdk-21\bin\extnet.dll
0x00007ffec0910000 - 0x00007ffec098b000 	C:\Users\bkmcm\AppData\Local\Temp\lwjgl_bkmcm\3.3.3+5\x64\lwjgl.dll
0x00007ffe49000000 - 0x00007ffe49270000 	C:\Users\bkmcm\AppData\Local\Temp\lwjgl_bkmcm\3.3.3+5\x64\jemalloc.dll
0x00007ffec0880000 - 0x00007ffec0902000 	C:\Users\bkmcm\AppData\Local\Temp\lwjgl_bkmcm\3.3.3+5\x64\glfw.dll
0x00007ffe4a6c0000 - 0x00007ffe4a706000 	C:\Windows\SYSTEM32\dinput8.dll
0x00007ffeb2270000 - 0x00007ffeb2281000 	C:\Windows\SYSTEM32\xinput1_4.dll
0x00007ffee7a70000 - 0x00007ffee7a9c000 	C:\Windows\SYSTEM32\DEVOBJ.dll
0x00007ffee79f0000 - 0x00007ffee7a3e000 	C:\Windows\SYSTEM32\cfgmgr32.dll
0x00007ffee49a0000 - 0x00007ffee49cb000 	C:\Windows\SYSTEM32\dwmapi.dll
0x00007ffed6c90000 - 0x00007ffed6e9a000 	C:\Windows\SYSTEM32\inputhost.dll
0x00007ffee4330000 - 0x00007ffee4464000 	C:\Windows\SYSTEM32\CoreMessaging.dll
0x00007ffee4720000 - 0x00007ffee47cb000 	C:\Windows\system32\uxtheme.dll
0x00007ffeea6b0000 - 0x00007ffeea800000 	C:\Windows\System32\MSCTF.dll
0x00007ffee7520000 - 0x00007ffee752c000 	C:\Windows\SYSTEM32\CRYPTBASE.DLL
0x00007ffeb6bc0000 - 0x00007ffeb6c42000 	C:\Users\bkmcm\AppData\Local\Temp\lwjgl_bkmcm\3.3.3+5\x64\lwjgl_stb.dll
0x00007ffed6020000 - 0x00007ffed6120000 	C:\Windows\SYSTEM32\opengl32.dll
0x00007ffed5ff0000 - 0x00007ffed601d000 	C:\Windows\SYSTEM32\GLU32.dll
0x00007ffee4f80000 - 0x00007ffee4fb6000 	C:\Windows\SYSTEM32\dxcore.dll
0x00007ffee9f10000 - 0x00007ffee9fc0000 	C:\Windows\System32\clbcatq.dll
0x00007ffe37d50000 - 0x00007ffe3a9e7000 	C:\Windows\System32\DriverStore\FileRepository\nvdmi.inf_amd64_ec8d0725e9f0f2c7\nvoglv64.dll
0x00007ffee8fc0000 - 0x00007ffee9434000 	C:\Windows\System32\SETUPAPI.dll
0x00007ffee89f0000 - 0x00007ffee8b90000 	C:\Windows\System32\ole32.dll
0x00007ffee6bd0000 - 0x00007ffee6be4000 	C:\Windows\SYSTEM32\WTSAPI32.dll
0x00007ffee79d0000 - 0x00007ffee79e2000 	C:\Windows\SYSTEM32\msasn1.dll
0x00007ffede090000 - 0x00007ffede0c2000 	C:\Windows\SYSTEM32\cryptnet.dll
0x00007ffee8240000 - 0x00007ffee83a6000 	C:\Windows\System32\CRYPT32.dll
0x00007ffede5d0000 - 0x00007ffede728000 	C:\Windows\SYSTEM32\drvstore.dll
0x00007ffee75d0000 - 0x00007ffee761b000 	C:\Windows\SYSTEM32\wldp.dll
0x00007ffee8650000 - 0x00007ffee86bb000 	C:\Windows\System32\WINTRUST.dll
0x00007ffee6e40000 - 0x00007ffee6e74000 	C:\Windows\SYSTEM32\ntmarta.dll
0x00007ffeea690000 - 0x00007ffeea6af000 	C:\Windows\System32\imagehlp.dll
0x00007ffee7530000 - 0x00007ffee754b000 	C:\Windows\SYSTEM32\CRYPTSP.dll
0x00007ffee6d80000 - 0x00007ffee6db5000 	C:\Windows\system32\rsaenh.dll
0x00007ffee7360000 - 0x00007ffee7386000 	C:\Windows\SYSTEM32\gpapi.dll
0x00007ffedaa40000 - 0x00007ffedcc5d000 	C:\Windows\System32\DriverStore\FileRepository\nvdmi.inf_amd64_ec8d0725e9f0f2c7\nvgpucomp64.dll
0x00007ffe48180000 - 0x00007ffe48451000 	C:\Windows\system32\nvspcap64.dll
0x00007ffee67a0000 - 0x00007ffee6806000 	C:\Windows\SYSTEM32\WINSTA.dll
0x00007ffed27b0000 - 0x00007ffed28fa000 	C:\Windows\SYSTEM32\textinputframework.dll
0x00007ffee0610000 - 0x00007ffee097c000 	C:\Windows\SYSTEM32\CoreUIComponents.dll
0x00007ffeb67e0000 - 0x00007ffeb683e000 	C:\Users\bkmcm\AppData\Local\Temp\lwjgl_bkmcm\3.3.3+5\x64\lwjgl_opengl.dll

dbghelp: loaded successfully - version: 4.0.5 - missing functions: none
symbol engine: initialized successfully - sym options: 0x614 - pdb path: .;C:\Program Files\Java\jdk-21\bin;C:\Windows\SYSTEM32;C:\Windows\WinSxS\amd64_microsoft.windows.common-controls_6595b64144ccf1df_6.0.22621.2506_none_270c5ae97388e100;C:\Program Files\Java\jdk-21\bin\server;C:\Program Files\JetBrains\IntelliJ\bin;C:\Users\bkmcm\AppData\Local\Temp\lwjgl_bkmcm\3.3.3+5\x64;C:\Windows\System32\DriverStore\FileRepository\nvdmi.inf_amd64_ec8d0725e9f0f2c7

VM Arguments:
jvm_args: -javaagent:C:\Program Files\JetBrains\IntelliJ\lib\idea_rt.jar=49303:C:\Program Files\JetBrains\IntelliJ\bin -Dfile.encoding=UTF-8 -Dsun.stdout.encoding=UTF-8 -Dsun.stderr.encoding=UTF-8 
java_command: com.thatsoulyguy.minelander.Minelander
java_class_path (initial): C:\Users\bkmcm\IdeaProjects\Minelander\target\classes;C:\Users\bkmcm\.m2\repository\org\openjfx\javafx-controls\21-ea+24\javafx-controls-21-ea+24.jar;C:\Users\bkmcm\.m2\repository\org\openjfx\javafx-controls\21-ea+24\javafx-controls-21-ea+24-win.jar;C:\Users\bkmcm\.m2\repository\org\openjfx\javafx-graphics\21-ea+24\javafx-graphics-21-ea+24.jar;C:\Users\bkmcm\.m2\repository\org\openjfx\javafx-graphics\21-ea+24\javafx-graphics-21-ea+24-win.jar;C:\Users\bkmcm\.m2\repository\org\openjfx\javafx-base\21-ea+24\javafx-base-21-ea+24.jar;C:\Users\bkmcm\.m2\repository\org\openjfx\javafx-base\21-ea+24\javafx-base-21-ea+24-win.jar;C:\Users\bkmcm\.m2\repository\org\openjfx\javafx-fxml\21-ea+24\javafx-fxml-21-ea+24.jar;C:\Users\bkmcm\.m2\repository\org\openjfx\javafx-fxml\21-ea+24\javafx-fxml-21-ea+24-win.jar;C:\Users\bkmcm\.m2\repository\org\lwjgl\lwjgl\3.3.3\lwjgl-3.3.3.jar;C:\Users\bkmcm\.m2\repository\org\lwjgl\lwjgl-assimp\3.3.3\lwjgl-assimp-3.3.3.jar;C:\Users\bkmcm\.m2\repository\org\lwjgl\lwjgl-freetype\3.3.3\lwjgl-freetype-3.3.3.jar;C:\Users\bkmcm\.m2\repository\org\lwjgl\lwjgl-glfw\3.3.3\lwjgl-glfw-3.3.3.jar;C:\Users\bkmcm\.m2\repository\org\lwjgl\lwjgl-harfbuzz\3.3.3\lwjgl-harfbuzz-3.3.3.jar;C:\Users\bkmcm\.m2\repository\org\lwjgl\lwjgl-jawt\3.3.3\lwjgl-jawt-3.3.3.jar;C:\Users\bkmcm\.m2\repository\org\lwjgl\lwjgl-jemalloc\3.3.3\lwjgl-jemalloc-3.3.3.jar;C:\Users\bkmcm\.m2\repository\org\lwjgl\lwjgl-meshoptimizer\3.3.3\lwjgl-meshoptimizer-3.3.3.jar;C:\Users\bkmcm\.m2\repository\org\lwjgl\lwjgl-nuklear\3.3.3\lwjgl-nuklear-3.3.3.jar;C:\Users\bkmcm\.m2\repository\org\lwjgl\lwjgl-openal\3.3.3\lwjgl-openal-3.3.3.jar;C:\Users\bkmcm\.m2\repository\org\lwjgl\lwjgl-opengl\3.3.3\lwjgl-opengl-3.3.3.jar;C:\Users\bkmcm\.m2\repository\org\lwjgl\lwjgl-stb\3.3.3\lwjgl-stb-3.3.3.jar;C:\Users\bkmcm\.m2\repository\org\lwjgl\lwjgl-xxhash\3.3.3\lwjgl-xxhash-3.3.3.jar;C:\Users\bkmcm\.m2\repository\org\lwjgl\lwjgl-yoga\3.3.3\lwjgl-yoga-3.3.3.jar;C:\Users\bkmcm\.m2\repository\org\lwjgl\lwjgl-zstd\3.3.3\lwjgl-zstd-3.3.3.jar;C:\Users\bkmcm\.m2\repository\org\lwjgl\lwjgl\3.3.3\lwjgl-3.3.3-natives-windows.jar;C:\Users\bkmcm\.m2\repository\org\lwjgl\lwjgl-assimp\3.3.3\lwjgl-assimp-3.3.3-natives-windows.jar;C:\Users\bkmcm\.m2\repository\org\lwjgl\lwjgl-freetype\3.3.3\lwjgl-freetype-3.3.3-natives-windows.jar;C:\Users\bkmcm\.m2\repository\org\lwjgl\lwjgl-glfw\3.3.3\lwjgl-glfw-3.3.3-natives-windows.jar;C:\Users\bkmcm\.m2\repository\org\lwjgl\lwjgl-harfbuzz\3.3.3\lwjgl-harfbuzz-3.3.3-natives-windows.jar;C:\Users\bkmcm\.m2\repository\org\lwjgl\lwjgl-jemalloc\3.3.3\lwjgl-jemalloc-3.3.3-natives-windows.jar;C:\Users\bkmcm\.m2\repository\org\lwjgl\lwjgl-meshoptimizer\3.3.3\lwjgl-meshoptimizer-3.3.3-natives-windows.jar;C:\Users\bkmcm\.m2\repository\org\lwjgl\lwjgl-nuklear\3.3.3\lwjgl-nuklear-3.3.3-natives-windows.jar;C:\Users\bkmcm\.m2\repository\org\lwjgl\lwjgl-openal\3.3.3\lwjgl-openal-3.3.3-natives-windows.jar;C:\Users\bkmcm\.m2\repository\org\lwjgl\lwjgl-opengl\3.3.3\lwjgl-opengl-3.3.3-natives-windows.jar;C:\Users\bkmcm\.m2\repository\org\lwjgl\lwjgl-stb\3.3.3\lwjgl-stb-3.3.3-natives-windows.jar;C:\Users\bkmcm\.m2\repository\org\lwjgl\lwjgl-xxhash\3.3.3\lwjgl-xxhash-3.3.3-natives-windows.jar;C:\Users\bkmcm\.m2\repository\org\lwjgl\lwjgl-yoga\3.3.3\lwjgl-yoga-3.3.3-natives-windows.jar;C:\Users\bkmcm\.m2\repository\org\lwjgl\lwjgl-zstd\3.3.3\lwjgl-zstd-3.3.3-natives-windows.jar;C:\Users\bkmcm\.m2\repository\org\joml\joml\1.10.5\joml-1.10.5.jar;C:\Users\bkmcm\.m2\repository\org\lwjglx\lwjgl3-awt\0.1.8\lwjgl3-awt-0.1.8.jar;C:\Users\bkmcm\.m2\repository\org\jetbrains\annotations\24.1.0\annotations-24.1.0.jar
Launcher Type: SUN_STANDARD

[Global flags]
     intx CICompilerCount                          = 15                                        {product} {ergonomic}
     uint ConcGCThreads                            = 6                                         {product} {ergonomic}
     uint G1ConcRefinementThreads                  = 23                                        {product} {ergonomic}
   size_t G1HeapRegionSize                         = 8388608                                   {product} {ergonomic}
    uintx GCDrainStackTargetSize                   = 64                                        {product} {ergonomic}
   size_t InitialHeapSize                          = 1073741824                                {product} {ergonomic}
   size_t MarkStackSize                            = 4194304                                   {product} {ergonomic}
   size_t MaxHeapSize                              = 17121148928                               {product} {ergonomic}
   size_t MaxNewSize                               = 10267656192                               {product} {ergonomic}
   size_t MinHeapDeltaBytes                        = 8388608                                   {product} {ergonomic}
   size_t MinHeapSize                              = 8388608                                   {product} {ergonomic}
    uintx NonNMethodCodeHeapSize                   = 8192380                                {pd product} {ergonomic}
    uintx NonProfiledCodeHeapSize                  = 121732930                              {pd product} {ergonomic}
    uintx ProfiledCodeHeapSize                     = 121732930                              {pd product} {ergonomic}
    uintx ReservedCodeCacheSize                    = 251658240                              {pd product} {ergonomic}
     bool SegmentedCodeCache                       = true                                      {product} {ergonomic}
   size_t SoftMaxHeapSize                          = 17121148928                            {manageable} {ergonomic}
     bool UseCompressedOops                        = true                           {product lp64_product} {ergonomic}
     bool UseG1GC                                  = true                                      {product} {ergonomic}
     bool UseLargePagesIndividualAllocation        = false                                  {pd product} {ergonomic}

Logging:
Log output configuration:
 #0: stdout all=warning uptime,level,tags foldmultilines=false
 #1: stderr all=off uptime,level,tags foldmultilines=false

Environment Variables:
JAVA_HOME=C:\Program Files\Eclipse Adoptium\jre-21.0.1.12-hotspot\
PATH=C:\VulkanSDK\\Bin;C:\Program Files\Eclipse Adoptium\jre-17.0.9.9-hotspot\bin;C:\Program Files\Eclipse Adoptium\jre-21.0.1.12-hotspot\bin;C:\Program Files\Eclipse Adoptium\jdk-8.0.392.8-hotspot\bin;C:\Program Files\Eclipse Adoptium\jre-8.0.392.8-hotspot\bin;C:\Program Files\Common Files\Oracle\Java\javapath;C:\Program Files (x86)\Common Files\Oracle\Java\javapath;C:\Windows\system32;C:\Windows;C:\Windows\System32\Wbem;C:\Windows\System32\WindowsPowerShell\v1.0\;C:\Windows\System32\OpenSSH\;C:\Program Files\NVIDIA Corporation\NVIDIA NvDLISR;C:\Program Files (x86)\NVIDIA Corporation\PhysX\Common;C:\Program Files\Git\cmd;C:\Program Files\VSCode\bin;C:\Program Files (x86)\Windows Kits\10\Windows Performance Toolkit\;.\C:\VulkanSDK\Bin;C:\Program Files\dotnet\;C:\Program Files (x86)\Incredibuild;C:\Users\bkmcm\AppData\Local\Microsoft\WindowsApps;;C:\Program Files\JetBrains\IntelliJ\bin;;C:\Users\bkmcm\.dotnet\tools
USERNAME=bkmcm
OS=Windows_NT
PROCESSOR_IDENTIFIER=Intel64 Family 6 Model 183 Stepping 1, GenuineIntel
TMP=C:\Users\bkmcm\AppData\Local\Temp
TEMP=C:\Users\bkmcm\AppData\Local\Temp




Periodic native trim disabled

---------------  S Y S T E M  ---------------

OS:
 Windows 11 , 64 bit Build 22621 (10.0.22621.2506)
OS uptime: 0 days 12:29 hours
Hyper-V role detected

CPU: total 32 (initial active 32) (16 cores per cpu, 2 threads per core) family 6 model 183 stepping 1 microcode 0x112, cx8, cmov, fxsr, ht, mmx, 3dnowpref, sse, sse2, sse3, ssse3, sse4.1, sse4.2, popcnt, lzcnt, tsc, tscinvbit, avx, avx2, aes, erms, clmul, bmi1, bmi2, adx, sha, fma, vzeroupper, clflush, clflushopt, clwb, hv, serialize, rdtscp, rdpid, fsrm, f16c, cet_ibt, cet_ss
Processor Information for processor 0
  Max Mhz: 2200, Current Mhz: 2200, Mhz Limit: 2200
Processor Information for processor 1
  Max Mhz: 2200, Current Mhz: 1466, Mhz Limit: 2200
Processor Information for processor 2
  Max Mhz: 2200, Current Mhz: 1466, Mhz Limit: 2200
Processor Information for processor 3
  Max Mhz: 2200, Current Mhz: 2200, Mhz Limit: 2200
Processor Information for processor 4
  Max Mhz: 2200, Current Mhz: 2200, Mhz Limit: 2200
Processor Information for processor 5
  Max Mhz: 2200, Current Mhz: 1466, Mhz Limit: 2200
Processor Information for processor 6
  Max Mhz: 2200, Current Mhz: 2200, Mhz Limit: 2200
Processor Information for processor 7
  Max Mhz: 2200, Current Mhz: 1466, Mhz Limit: 2200
Processor Information for processor 8
  Max Mhz: 2200, Current Mhz: 1466, Mhz Limit: 2200
Processor Information for processor 9
  Max Mhz: 2200, Current Mhz: 1466, Mhz Limit: 2200
Processor Information for processor 10
  Max Mhz: 2200, Current Mhz: 1466, Mhz Limit: 2200
Processor Information for processor 11
  Max Mhz: 2200, Current Mhz: 1466, Mhz Limit: 2200
Processor Information for processor 12
  Max Mhz: 2200, Current Mhz: 1466, Mhz Limit: 2200
Processor Information for processor 13
  Max Mhz: 2200, Current Mhz: 1466, Mhz Limit: 2200
Processor Information for processor 14
  Max Mhz: 2200, Current Mhz: 1466, Mhz Limit: 2200
Processor Information for processor 15
  Max Mhz: 2200, Current Mhz: 1466, Mhz Limit: 2200
Processor Information for processor 16
  Max Mhz: 2200, Current Mhz: 1500, Mhz Limit: 1584
Processor Information for processor 17
  Max Mhz: 2200, Current Mhz: 1500, Mhz Limit: 1584
Processor Information for processor 18
  Max Mhz: 2200, Current Mhz: 1500, Mhz Limit: 1584
Processor Information for processor 19
  Max Mhz: 2200, Current Mhz: 1500, Mhz Limit: 1584
Processor Information for processor 20
  Max Mhz: 2200, Current Mhz: 1500, Mhz Limit: 1584
Processor Information for processor 21
  Max Mhz: 2200, Current Mhz: 1500, Mhz Limit: 1584
Processor Information for processor 22
  Max Mhz: 2200, Current Mhz: 1500, Mhz Limit: 1584
Processor Information for processor 23
  Max Mhz: 2200, Current Mhz: 1500, Mhz Limit: 1584
Processor Information for processor 24
  Max Mhz: 2200, Current Mhz: 1500, Mhz Limit: 1584
Processor Information for processor 25
  Max Mhz: 2200, Current Mhz: 1500, Mhz Limit: 1584
Processor Information for processor 26
  Max Mhz: 2200, Current Mhz: 1600, Mhz Limit: 1584
Processor Information for processor 27
  Max Mhz: 2200, Current Mhz: 1500, Mhz Limit: 1584
Processor Information for processor 28
  Max Mhz: 2200, Current Mhz: 1600, Mhz Limit: 1584
Processor Information for processor 29
  Max Mhz: 2200, Current Mhz: 1500, Mhz Limit: 1584
Processor Information for processor 30
  Max Mhz: 2200, Current Mhz: 1500, Mhz Limit: 1584
Processor Information for processor 31
  Max Mhz: 2200, Current Mhz: 1500, Mhz Limit: 1584

Memory: 4k page, system-wide physical 65296M (50894M free)
TotalPageFile size 69392M (AvailPageFile size 50551M)
current process WorkingSet (physical memory assigned to process): 107M, peak: 107M
current process commit charge ("private bytes"): 1274M, peak: 1274M

vm_info: Java HotSpot(TM) 64-Bit Server VM (21.0.1+12-LTS-29) for windows-amd64 JRE (21.0.1+12-LTS-29), built on 2023-10-05T13:27:09Z by "mach5one" with MS VC++ 17.1 (VS2022)

END.
